#
# There is insufficient memory for the Java Runtime Environment to continue.
# Native memory allocation (malloc) failed to allocate 465056 bytes for Chunk::new
# Possible reasons:
#   The system is out of physical RAM or swap space
#   The process is running with CompressedOops enabled, and the Java Heap may be blocking the growth of the native heap
# Possible solutions:
#   Reduce memory load on the system
#   Increase physical memory or swap space
#   Check if swap backing store is full
#   Decrease Java heap size (-Xmx/-Xms)
#   Decrease number of Java threads
#   Decrease Java thread stack sizes (-Xss)
#   Set larger code cache with -XX:ReservedCodeCacheSize=
#   JVM is running with Unscaled Compressed Oops mode in which the Java heap is
#     placed in the first 4GB address space. The Java Heap base address is the
#     maximum limit for the native heap growth. Please use -XX:HeapBaseMinAddress
#     to set the Java Heap base and to place the Java Heap above 4GB virtual address.
# This output file may be truncated or incomplete.
#
#  Out of Memory Error (arena.cpp:191), pid=25504, tid=17652
#
# JRE version: OpenJDK Runtime Environment (17.0.9) (build 17.0.9+0--11185874)
# Java VM: OpenJDK 64-Bit Server VM (17.0.9+0--11185874, mixed mode, tiered, compressed oops, compressed class ptrs, g1 gc, windows-amd64)
# No core dump will be written. Minidumps are not enabled by default on client versions of Windows
#

---------------  S U M M A R Y ------------

Command Line: --add-opens=java.base/java.util=ALL-UNNAMED --add-opens=java.base/java.lang=ALL-UNNAMED --add-opens=java.base/java.lang.invoke=ALL-UNNAMED --add-opens=java.prefs/java.util.prefs=ALL-UNNAMED --add-opens=java.base/java.nio.charset=ALL-UNNAMED --add-opens=java.base/java.net=ALL-UNNAMED --add-opens=java.base/java.util.concurrent.atomic=ALL-UNNAMED -Xmx2048m -Dfile.encoding=UTF-8 -Duser.country=KR -Duser.language=ko -Duser.variant -javaagent:C:\Users\user\.gradle\wrapper\dists\gradle-8.4-bin\1w5dpkrfk8irigvoxmyhowfim\gradle-8.4\lib\agents\gradle-instrumentation-agent-8.4.jar org.gradle.launcher.daemon.bootstrap.GradleDaemon 8.4

Host: Intel(R) Core(TM) i5-8265U CPU @ 1.60GHz, 8 cores, 15G,  Windows 10 , 64 bit Build 19041 (10.0.19041.3636)
Time: Wed Apr 24 15:05:01 2024  Windows 10 , 64 bit Build 19041 (10.0.19041.3636) elapsed time: 64.645341 seconds (0d 0h 1m 4s)

---------------  T H R E A D  ---------------

Current thread (0x000001cf5578cd10):  JavaThread "C2 CompilerThread2" daemon [_thread_in_native, id=17652, stack(0x000000ac0ef00000,0x000000ac0f000000)]


Current CompileTask:
C2:  64645 15608       4       org.gradle.api.internal.classpath.DefaultModuleRegistry::getModules (51 bytes)

Stack: [0x000000ac0ef00000,0x000000ac0f000000]
Native frames: (J=compiled Java code, j=interpreted, Vv=VM code, C=native code)
V  [jvm.dll+0x6886e9]
V  [jvm.dll+0x841e4a]
V  [jvm.dll+0x843a8e]
V  [jvm.dll+0x8440f3]
V  [jvm.dll+0x24c14f]
V  [jvm.dll+0xac44c]
V  [jvm.dll+0xaca9c]
V  [jvm.dll+0x2b376f]
V  [jvm.dll+0x590767]
V  [jvm.dll+0x226762]
V  [jvm.dll+0x226b4f]
V  [jvm.dll+0x21fc76]
V  [jvm.dll+0x21d0c1]
V  [jvm.dll+0x1a674d]
V  [jvm.dll+0x22d088]
V  [jvm.dll+0x22b1c0]
V  [jvm.dll+0x7f62f7]
V  [jvm.dll+0x7f06aa]
V  [jvm.dll+0x687565]
C  [ucrtbase.dll+0x21bb2]
C  [KERNEL32.DLL+0x17344]
C  [ntdll.dll+0x526b1]


---------------  P R O C E S S  ---------------

Threads class SMR info:
_java_thread_list=0x000001cf5f1de560, length=60, elements={
0x000001cf35066dc0, 0x000001cf4f0529f0, 0x000001cf4f053a00, 0x000001cf4f09df00,
0x000001cf4f09e8d0, 0x000001cf4f0c4020, 0x000001cf4f0c48f0, 0x000001cf4f0c86c0,
0x000001cf4f0cafe0, 0x000001cf4f0cb8f0, 0x000001cf4eeb50a0, 0x000001cf4f30e9e0,
0x000001cf55cf22e0, 0x000001cf54e80610, 0x000001cf5509c750, 0x000001cf54dc6a00,
0x000001cf54b83710, 0x000001cf5405ead0, 0x000001cf5405efe0, 0x000001cf5405fa00,
0x000001cf5405ff10, 0x000001cf5405f4f0, 0x000001cf565d6530, 0x000001cf565d6a40,
0x000001cf565dbb40, 0x000001cf565da700, 0x000001cf565d97d0, 0x000001cf565dc050,
0x000001cf565d8390, 0x000001cf565d8db0, 0x000001cf565d92c0, 0x000001cf588f4fe0,
0x000001cf588fba30, 0x000001cf588f7350, 0x000001cf588f54f0, 0x000001cf5405dba0,
0x000001cf5f20eb80, 0x000001cf55344ad0, 0x000001cf553454f0, 0x000001cf553403f0,
0x000001cf5533f9d0, 0x000001cf55340e10, 0x000001cf553440b0, 0x000001cf5533fee0,
0x000001cf553445c0, 0x000001cf5533e590, 0x000001cf55344fe0, 0x000001cf55345f10,
0x000001cf5f20c300, 0x000001cf5f20a9b0, 0x000001cf5f20b8e0, 0x000001cf5f211400,
0x000001cf5f20e160, 0x000001cf557882b0, 0x000001cf5578cd10, 0x000001cf5f2109e0,
0x000001cf5f20e670, 0x000001cf5f20dc50, 0x000001cf5f2104d0, 0x000001cf5f20cd20
}

Java Threads: ( => current thread )
  0x000001cf35066dc0 JavaThread "main" [_thread_blocked, id=16288, stack(0x000000ac0cd00000,0x000000ac0ce00000)]
  0x000001cf4f0529f0 JavaThread "Reference Handler" daemon [_thread_blocked, id=4496, stack(0x000000ac0d400000,0x000000ac0d500000)]
  0x000001cf4f053a00 JavaThread "Finalizer" daemon [_thread_blocked, id=19532, stack(0x000000ac0d500000,0x000000ac0d600000)]
  0x000001cf4f09df00 JavaThread "Signal Dispatcher" daemon [_thread_blocked, id=24708, stack(0x000000ac0d600000,0x000000ac0d700000)]
  0x000001cf4f09e8d0 JavaThread "Attach Listener" daemon [_thread_blocked, id=25540, stack(0x000000ac0d700000,0x000000ac0d800000)]
  0x000001cf4f0c4020 JavaThread "Service Thread" daemon [_thread_blocked, id=2680, stack(0x000000ac0d800000,0x000000ac0d900000)]
  0x000001cf4f0c48f0 JavaThread "Monitor Deflation Thread" daemon [_thread_blocked, id=17632, stack(0x000000ac0d900000,0x000000ac0da00000)]
  0x000001cf4f0c86c0 JavaThread "C2 CompilerThread0" daemon [_thread_in_native, id=23832, stack(0x000000ac0da00000,0x000000ac0db00000)]
  0x000001cf4f0cafe0 JavaThread "C1 CompilerThread0" daemon [_thread_blocked, id=23828, stack(0x000000ac0db00000,0x000000ac0dc00000)]
  0x000001cf4f0cb8f0 JavaThread "Sweeper thread" daemon [_thread_blocked, id=24128, stack(0x000000ac0dc00000,0x000000ac0dd00000)]
  0x000001cf4eeb50a0 JavaThread "Common-Cleaner" daemon [_thread_blocked, id=20992, stack(0x000000ac0dd00000,0x000000ac0de00000)]
  0x000001cf4f30e9e0 JavaThread "Notification Thread" daemon [_thread_blocked, id=24688, stack(0x000000ac0de00000,0x000000ac0df00000)]
  0x000001cf55cf22e0 JavaThread "Daemon health stats" [_thread_blocked, id=1548, stack(0x000000ac0e700000,0x000000ac0e800000)]
  0x000001cf54e80610 JavaThread "Incoming local TCP Connector on port 56322" [_thread_in_native, id=24920, stack(0x000000ac0e800000,0x000000ac0e900000)]
  0x000001cf5509c750 JavaThread "Daemon periodic checks" [_thread_blocked, id=24336, stack(0x000000ac0e900000,0x000000ac0ea00000)]
  0x000001cf54dc6a00 JavaThread "Daemon" [_thread_blocked, id=12092, stack(0x000000ac0ea00000,0x000000ac0eb00000)]
  0x000001cf54b83710 JavaThread "Daemon worker" [_thread_in_Java, id=7136, stack(0x000000ac0ed00000,0x000000ac0ee00000)]
  0x000001cf5405ead0 JavaThread "Cache worker for journal cache (C:\Users\user\.gradle\caches\journal-1)" [_thread_blocked, id=10180, stack(0x000000ac0e000000,0x000000ac0e100000)]
  0x000001cf5405efe0 JavaThread "File lock request listener" [_thread_in_native, id=9260, stack(0x000000ac0e100000,0x000000ac0e200000)]
  0x000001cf5405fa00 JavaThread "Cache worker for file hash cache (C:\Users\user\.gradle\caches\8.4\fileHashes)" [_thread_blocked, id=24440, stack(0x000000ac0f400000,0x000000ac0f500000)]
  0x000001cf5405ff10 JavaThread "File watcher server" daemon [_thread_in_native, id=12940, stack(0x000000ac0f700000,0x000000ac0f800000)]
  0x000001cf5405f4f0 JavaThread "File watcher consumer" daemon [_thread_blocked, id=19440, stack(0x000000ac0f800000,0x000000ac0f900000)]
  0x000001cf565d6530 JavaThread "Cache worker for file content cache (C:\Users\user\.gradle\caches\8.4\fileContent)" [_thread_blocked, id=17468, stack(0x000000ac0fc00000,0x000000ac0fd00000)]
  0x000001cf565d6a40 JavaThread "Cache worker for execution history cache (C:\Users\user\.gradle\caches\8.4\executionHistory)" [_thread_blocked, id=22632, stack(0x000000ac0fe00000,0x000000ac0ff00000)]
  0x000001cf565dbb40 JavaThread "Cache worker for kotlin-dsl (C:\Users\user\.gradle\caches\8.4\kotlin-dsl)" [_thread_blocked, id=16252, stack(0x000000ac0ff00000,0x000000ac10000000)]
  0x000001cf565da700 JavaThread "jar transforms" [_thread_blocked, id=13612, stack(0x000000ac10000000,0x000000ac10100000)]
  0x000001cf565d97d0 JavaThread "jar transforms Thread 2" [_thread_blocked, id=12136, stack(0x000000ac10100000,0x000000ac10200000)]
  0x000001cf565dc050 JavaThread "jar transforms Thread 3" [_thread_blocked, id=18476, stack(0x000000ac10200000,0x000000ac10300000)]
  0x000001cf565d8390 JavaThread "jar transforms Thread 4" [_thread_blocked, id=10460, stack(0x000000ac10300000,0x000000ac10400000)]
  0x000001cf565d8db0 JavaThread "jar transforms Thread 5" [_thread_blocked, id=12404, stack(0x000000ac10600000,0x000000ac10700000)]
  0x000001cf565d92c0 JavaThread "jar transforms Thread 6" [_thread_blocked, id=17292, stack(0x000000ac10700000,0x000000ac10800000)]
  0x000001cf588f4fe0 JavaThread "jar transforms Thread 7" [_thread_blocked, id=17192, stack(0x000000ac11000000,0x000000ac11100000)]
  0x000001cf588fba30 JavaThread "jar transforms Thread 8" [_thread_blocked, id=9016, stack(0x000000ac11100000,0x000000ac11200000)]
  0x000001cf588f7350 JavaThread "Memory manager" [_thread_blocked, id=13816, stack(0x000000ac11300000,0x000000ac11400000)]
  0x000001cf588f54f0 JavaThread "File lock release action executor" [_thread_blocked, id=23412, stack(0x000000ac11500000,0x000000ac11600000)]
  0x000001cf5405dba0 JavaThread "pool-3-thread-1" [_thread_blocked, id=1976, stack(0x000000ac11600000,0x000000ac11700000)]
  0x000001cf5f20eb80 JavaThread "included builds" [_thread_blocked, id=25112, stack(0x000000ac11800000,0x000000ac11900000)]
  0x000001cf55344ad0 JavaThread "RMI Scheduler(0)" daemon [_thread_blocked, id=6900, stack(0x000000ac16b00000,0x000000ac16c00000)]
  0x000001cf553454f0 JavaThread "RMI GC Daemon" daemon [_thread_blocked, id=4000, stack(0x000000ac16d00000,0x000000ac16e00000)]
  0x000001cf553403f0 JavaThread "RMI TCP Accept-0" daemon [_thread_in_native, id=24064, stack(0x000000ac16e00000,0x000000ac16f00000)]
  0x000001cf5533f9d0 JavaThread "RMI Reaper" [_thread_blocked, id=24556, stack(0x000000ac16f00000,0x000000ac17000000)]
  0x000001cf55340e10 JavaThread "RMI TCP Connection(idle)" daemon [_thread_blocked, id=3396, stack(0x000000ac17100000,0x000000ac17200000)]
  0x000001cf553440b0 JavaThread "ForkJoinPool.commonPool-worker-1" daemon [_thread_blocked, id=20108, stack(0x000000ac17800000,0x000000ac17900000)]
  0x000001cf5533fee0 JavaThread "ForkJoinPool.commonPool-worker-2" daemon [_thread_blocked, id=11172, stack(0x000000ac17a00000,0x000000ac17b00000)]
  0x000001cf553445c0 JavaThread "ForkJoinPool.commonPool-worker-3" daemon [_thread_blocked, id=19072, stack(0x000000ac17b00000,0x000000ac17c00000)]
  0x000001cf5533e590 JavaThread "ForkJoinPool.commonPool-worker-4" daemon [_thread_blocked, id=13020, stack(0x000000ac17c00000,0x000000ac17d00000)]
  0x000001cf55344fe0 JavaThread "ForkJoinPool.commonPool-worker-5" daemon [_thread_blocked, id=16680, stack(0x000000ac17d00000,0x000000ac17e00000)]
  0x000001cf55345f10 JavaThread "ForkJoinPool.commonPool-worker-6" daemon [_thread_blocked, id=22552, stack(0x000000ac17e00000,0x000000ac17f00000)]
  0x000001cf5f20c300 JavaThread "Handler for socket connection from /127.0.0.1:56322 to /127.0.0.1:56398" [_thread_in_native, id=5588, stack(0x000000ac0ca00000,0x000000ac0cb00000)]
  0x000001cf5f20a9b0 JavaThread "Cancel handler" [_thread_blocked, id=16212, stack(0x000000ac0cb00000,0x000000ac0cc00000)]
  0x000001cf5f20b8e0 JavaThread "Asynchronous log dispatcher for DefaultDaemonConnection: socket connection from /127.0.0.1:56322 to /127.0.0.1:56398" [_thread_blocked, id=17628, stack(0x000000ac0cc00000,0x000000ac0cd00000)]
  0x000001cf5f211400 JavaThread "Stdin handler" [_thread_blocked, id=11920, stack(0x000000ac0eb00000,0x000000ac0ec00000)]
  0x000001cf5f20e160 JavaThread "Daemon client event forwarder" [_thread_blocked, id=23320, stack(0x000000ac0ec00000,0x000000ac0ed00000)]
  0x000001cf557882b0 JavaThread "C2 CompilerThread1" daemon [_thread_in_native, id=24184, stack(0x000000ac0ee00000,0x000000ac0ef00000)]
=>0x000001cf5578cd10 JavaThread "C2 CompilerThread2" daemon [_thread_in_native, id=17652, stack(0x000000ac0ef00000,0x000000ac0f000000)]
  0x000001cf5f2109e0 JavaThread "Cache worker for checksums cache (C:\MobileAppProgramming\MobileAppProgramming\EventApplication\.gradle\8.4\checksums)" [_thread_blocked, id=22208, stack(0x000000ac0f000000,0x000000ac0f100000)]
  0x000001cf5f20e670 JavaThread "Cache worker for file hash cache (C:\MobileAppProgramming\MobileAppProgramming\EventApplication\.gradle\8.4\fileHashes)" [_thread_blocked, id=23148, stack(0x000000ac0f600000,0x000000ac0f700000)]
  0x000001cf5f20dc50 JavaThread "Cache worker for cache directory md-supplier (C:\Users\user\.gradle\caches\8.4\md-supplier)" [_thread_blocked, id=14100, stack(0x000000ac0f900000,0x000000ac0fa00000)]
  0x000001cf5f2104d0 JavaThread "Cache worker for cache directory md-rule (C:\Users\user\.gradle\caches\8.4\md-rule)" [_thread_blocked, id=24240, stack(0x000000ac0fa00000,0x000000ac0fb00000)]
  0x000001cf5f20cd20 JavaThread "Cache worker for dependencies-accessors (C:\MobileAppProgramming\MobileAppProgramming\EventApplication\.gradle\8.4\dependencies-accessors)" [_thread_blocked, id=16668, stack(0x000000ac0fb00000,0x000000ac0fc00000)]

Other Threads:
  0x000001cf4f04f640 VMThread "VM Thread" [stack: 0x000000ac0d300000,0x000000ac0d400000] [id=14928]
  0x000001cf35067b90 WatcherThread [stack: 0x000000ac0df00000,0x000000ac0e000000] [id=14932]
  0x000001cf32e6e870 GCTaskThread "GC Thread#0" [stack: 0x000000ac0ce00000,0x000000ac0cf00000] [id=24380]
  0x000001cf549a9820 GCTaskThread "GC Thread#1" [stack: 0x000000ac0e200000,0x000000ac0e300000] [id=23388]
  0x000001cf544ab8e0 GCTaskThread "GC Thread#2" [stack: 0x000000ac0e300000,0x000000ac0e400000] [id=10228]
  0x000001cf54306ba0 GCTaskThread "GC Thread#3" [stack: 0x000000ac0e400000,0x000000ac0e500000] [id=15548]
  0x000001cf5480a330 GCTaskThread "GC Thread#4" [stack: 0x000000ac0e500000,0x000000ac0e600000] [id=22540]
  0x000001cf5480aa00 GCTaskThread "GC Thread#5" [stack: 0x000000ac0e600000,0x000000ac0e700000] [id=16952]
  0x000001cf55989a80 GCTaskThread "GC Thread#6" [stack: 0x000000ac0f100000,0x000000ac0f200000] [id=17500]
  0x000001cf542e0ce0 GCTaskThread "GC Thread#7" [stack: 0x000000ac0f200000,0x000000ac0f300000] [id=3484]
  0x000001cf350cd6e0 ConcurrentGCThread "G1 Main Marker" [stack: 0x000000ac0cf00000,0x000000ac0d000000] [id=13796]
  0x000001cf350ce7b0 ConcurrentGCThread "G1 Conc#0" [stack: 0x000000ac0d000000,0x000000ac0d100000] [id=23884]
  0x000001cf556907f0 ConcurrentGCThread "G1 Conc#1" [stack: 0x000000ac0f300000,0x000000ac0f400000] [id=23704]
  0x000001cf3511d550 ConcurrentGCThread "G1 Refine#0" [stack: 0x000000ac0d100000,0x000000ac0d200000] [id=21564]
  0x000001cf4ed7c5c0 ConcurrentGCThread "G1 Service" [stack: 0x000000ac0d200000,0x000000ac0d300000] [id=24720]

Threads with active compile tasks:
C2 CompilerThread0    64712 15664       4       org.gradle.internal.logging.sink.OutputEventTransformer::onOutput (369 bytes)
C2 CompilerThread1    64712 15629       4       org.antlr.v4.runtime.BufferedTokenStream::sync (55 bytes)
C2 CompilerThread2    64712 15608       4       org.gradle.api.internal.classpath.DefaultModuleRegistry::getModules (51 bytes)

VM state: not at safepoint (normal execution)

VM Mutex/Monitor currently owned by a thread: None

Heap address: 0x0000000080000000, size: 2048 MB, Compressed Oops mode: 32-bit

CDS archive(s) not mapped
Compressed class space mapped at: 0x0000000100000000-0x0000000140000000, reserved size: 1073741824
Narrow klass base: 0x0000000000000000, Narrow klass shift: 3, Narrow klass range: 0x140000000

GC Precious Log:
 CPUs: 8 total, 8 available
 Memory: 16178M
 Large Page Support: Disabled
 NUMA Support: Disabled
 Compressed Oops: Enabled (32-bit)
 Heap Region Size: 1M
 Heap Min Capacity: 8M
 Heap Initial Capacity: 254M
 Heap Max Capacity: 2G
 Pre-touch: Disabled
 Parallel Workers: 8
 Concurrent Workers: 2
 Concurrent Refinement Workers: 8
 Periodic GC: Disabled

Heap:
 garbage-first heap   total 240640K, used 159196K [0x0000000080000000, 0x0000000100000000)
  region size 1024K, 35 young (35840K), 1 survivors (1024K)
 Metaspace       used 138449K, committed 139456K, reserved 1179648K
  class space    used 19141K, committed 19648K, reserved 1048576K

Heap Regions: E=young(eden), S=young(survivor), O=old, HS=humongous(starts), HC=humongous(continues), CS=collection set, F=free, OA=open archive, CA=closed archive, TAMS=top-at-mark-start (previous, next)
|   0|0x0000000080000000, 0x0000000080100000, 0x0000000080100000|100%|HS|  |TAMS 0x0000000080100000, 0x0000000080000000| Complete 
|   1|0x0000000080100000, 0x0000000080200000, 0x0000000080200000|100%|HC|  |TAMS 0x0000000080200000, 0x0000000080100000| Complete 
|   2|0x0000000080200000, 0x0000000080300000, 0x0000000080300000|100%|HC|  |TAMS 0x0000000080300000, 0x0000000080200000| Complete 
|   3|0x0000000080300000, 0x0000000080400000, 0x0000000080400000|100%|HC|  |TAMS 0x0000000080400000, 0x0000000080300000| Complete 
|   4|0x0000000080400000, 0x0000000080500000, 0x0000000080500000|100%| O|  |TAMS 0x0000000080500000, 0x0000000080400000| Untracked 
|   5|0x0000000080500000, 0x0000000080600000, 0x0000000080600000|100%| O|  |TAMS 0x0000000080600000, 0x0000000080500000| Untracked 
|   6|0x0000000080600000, 0x0000000080700000, 0x0000000080700000|100%| O|  |TAMS 0x0000000080700000, 0x0000000080600000| Untracked 
|   7|0x0000000080700000, 0x0000000080800000, 0x0000000080800000|100%| O|  |TAMS 0x0000000080800000, 0x0000000080700000| Untracked 
|   8|0x0000000080800000, 0x0000000080900000, 0x0000000080900000|100%| O|  |TAMS 0x0000000080900000, 0x0000000080800000| Untracked 
|   9|0x0000000080900000, 0x0000000080a00000, 0x0000000080a00000|100%| O|  |TAMS 0x0000000080a00000, 0x0000000080900000| Untracked 
|  10|0x0000000080a00000, 0x0000000080b00000, 0x0000000080b00000|100%| O|  |TAMS 0x0000000080b00000, 0x0000000080a00000| Untracked 
|  11|0x0000000080b00000, 0x0000000080c00000, 0x0000000080c00000|100%| O|  |TAMS 0x0000000080c00000, 0x0000000080b00000| Untracked 
|  12|0x0000000080c00000, 0x0000000080d00000, 0x0000000080d00000|100%| O|  |TAMS 0x0000000080d00000, 0x0000000080c00000| Untracked 
|  13|0x0000000080d00000, 0x0000000080e00000, 0x0000000080e00000|100%| O|  |TAMS 0x0000000080e00000, 0x0000000080d00000| Untracked 
|  14|0x0000000080e00000, 0x0000000080f00000, 0x0000000080f00000|100%| O|  |TAMS 0x0000000080f00000, 0x0000000080e00000| Untracked 
|  15|0x0000000080f00000, 0x0000000081000000, 0x0000000081000000|100%| O|  |TAMS 0x0000000081000000, 0x0000000080f00000| Untracked 
|  16|0x0000000081000000, 0x0000000081100000, 0x0000000081100000|100%| O|  |TAMS 0x0000000081100000, 0x0000000081000000| Untracked 
|  17|0x0000000081100000, 0x0000000081200000, 0x0000000081200000|100%| O|  |TAMS 0x0000000081200000, 0x0000000081100000| Untracked 
|  18|0x0000000081200000, 0x0000000081300000, 0x0000000081300000|100%| O|  |TAMS 0x0000000081300000, 0x0000000081200000| Untracked 
|  19|0x0000000081300000, 0x0000000081400000, 0x0000000081400000|100%| O|  |TAMS 0x0000000081400000, 0x0000000081300000| Untracked 
|  20|0x0000000081400000, 0x0000000081500000, 0x0000000081500000|100%| O|  |TAMS 0x0000000081500000, 0x0000000081400000| Untracked 
|  21|0x0000000081500000, 0x0000000081600000, 0x0000000081600000|100%| O|  |TAMS 0x0000000081600000, 0x0000000081500000| Untracked 
|  22|0x0000000081600000, 0x0000000081700000, 0x0000000081700000|100%| O|  |TAMS 0x0000000081700000, 0x0000000081600000| Untracked 
|  23|0x0000000081700000, 0x0000000081800000, 0x0000000081800000|100%| O|  |TAMS 0x0000000081800000, 0x0000000081700000| Untracked 
|  24|0x0000000081800000, 0x0000000081900000, 0x0000000081900000|100%| O|  |TAMS 0x0000000081900000, 0x0000000081800000| Untracked 
|  25|0x0000000081900000, 0x0000000081a00000, 0x0000000081a00000|100%| O|  |TAMS 0x0000000081a00000, 0x0000000081900000| Untracked 
|  26|0x0000000081a00000, 0x0000000081b00000, 0x0000000081b00000|100%| O|  |TAMS 0x0000000081b00000, 0x0000000081a00000| Untracked 
|  27|0x0000000081b00000, 0x0000000081c00000, 0x0000000081c00000|100%| O|  |TAMS 0x0000000081c00000, 0x0000000081b00000| Untracked 
|  28|0x0000000081c00000, 0x0000000081d00000, 0x0000000081d00000|100%| O|  |TAMS 0x0000000081d00000, 0x0000000081c00000| Untracked 
|  29|0x0000000081d00000, 0x0000000081e00000, 0x0000000081e00000|100%| O|  |TAMS 0x0000000081e00000, 0x0000000081d00000| Untracked 
|  30|0x0000000081e00000, 0x0000000081f00000, 0x0000000081f00000|100%| O|  |TAMS 0x0000000081f00000, 0x0000000081e00000| Untracked 
|  31|0x0000000081f00000, 0x0000000082000000, 0x0000000082000000|100%| O|  |TAMS 0x0000000082000000, 0x0000000081f00000| Untracked 
|  32|0x0000000082000000, 0x0000000082100000, 0x0000000082100000|100%| O|  |TAMS 0x0000000082100000, 0x0000000082000000| Untracked 
|  33|0x0000000082100000, 0x0000000082200000, 0x0000000082200000|100%| O|  |TAMS 0x0000000082200000, 0x0000000082100000| Untracked 
|  34|0x0000000082200000, 0x0000000082300000, 0x0000000082300000|100%| O|  |TAMS 0x0000000082300000, 0x0000000082200000| Untracked 
|  35|0x0000000082300000, 0x0000000082400000, 0x0000000082400000|100%| O|  |TAMS 0x0000000082400000, 0x0000000082300000| Untracked 
|  36|0x0000000082400000, 0x0000000082500000, 0x0000000082500000|100%| O|  |TAMS 0x0000000082500000, 0x0000000082400000| Untracked 
|  37|0x0000000082500000, 0x0000000082600000, 0x0000000082600000|100%| O|  |TAMS 0x0000000082600000, 0x0000000082500000| Untracked 
|  38|0x0000000082600000, 0x0000000082700000, 0x0000000082700000|100%| O|  |TAMS 0x0000000082700000, 0x0000000082600000| Untracked 
|  39|0x0000000082700000, 0x0000000082800000, 0x0000000082800000|100%| O|  |TAMS 0x0000000082800000, 0x0000000082700000| Untracked 
|  40|0x0000000082800000, 0x0000000082900000, 0x0000000082900000|100%|HS|  |TAMS 0x0000000082900000, 0x0000000082800000| Complete 
|  41|0x0000000082900000, 0x0000000082a00000, 0x0000000082a00000|100%|HS|  |TAMS 0x0000000082a00000, 0x0000000082900000| Complete 
|  42|0x0000000082a00000, 0x0000000082b00000, 0x0000000082b00000|100%|HS|  |TAMS 0x0000000082b00000, 0x0000000082a00000| Complete 
|  43|0x0000000082b00000, 0x0000000082c00000, 0x0000000082c00000|100%|HC|  |TAMS 0x0000000082c00000, 0x0000000082b00000| Complete 
|  44|0x0000000082c00000, 0x0000000082d00000, 0x0000000082d00000|100%|HS|  |TAMS 0x0000000082d00000, 0x0000000082c00000| Complete 
|  45|0x0000000082d00000, 0x0000000082e00000, 0x0000000082e00000|100%|HC|  |TAMS 0x0000000082e00000, 0x0000000082d00000| Complete 
|  46|0x0000000082e00000, 0x0000000082f00000, 0x0000000082f00000|100%| O|  |TAMS 0x0000000082f00000, 0x0000000082e00000| Untracked 
|  47|0x0000000082f00000, 0x0000000083000000, 0x0000000083000000|100%| O|  |TAMS 0x0000000083000000, 0x0000000082f00000| Untracked 
|  48|0x0000000083000000, 0x0000000083100000, 0x0000000083100000|100%|HS|  |TAMS 0x0000000083100000, 0x0000000083000000| Complete 
|  49|0x0000000083100000, 0x0000000083200000, 0x0000000083200000|100%| O|  |TAMS 0x0000000083200000, 0x0000000083100000| Untracked 
|  50|0x0000000083200000, 0x0000000083300000, 0x0000000083300000|100%|HS|  |TAMS 0x0000000083300000, 0x0000000083200000| Complete 
|  51|0x0000000083300000, 0x0000000083400000, 0x0000000083400000|100%|HC|  |TAMS 0x0000000083400000, 0x0000000083300000| Complete 
|  52|0x0000000083400000, 0x0000000083500000, 0x0000000083500000|100%|HC|  |TAMS 0x0000000083500000, 0x0000000083400000| Complete 
|  53|0x0000000083500000, 0x0000000083600000, 0x0000000083600000|100%|HC|  |TAMS 0x0000000083600000, 0x0000000083500000| Complete 
|  54|0x0000000083600000, 0x0000000083700000, 0x0000000083700000|100%|HS|  |TAMS 0x0000000083700000, 0x0000000083600000| Complete 
|  55|0x0000000083700000, 0x0000000083800000, 0x0000000083800000|100%| O|  |TAMS 0x0000000083800000, 0x0000000083700000| Untracked 
|  56|0x0000000083800000, 0x0000000083900000, 0x0000000083900000|100%| O|  |TAMS 0x0000000083900000, 0x0000000083800000| Untracked 
|  57|0x0000000083900000, 0x0000000083a00000, 0x0000000083a00000|100%| O|  |TAMS 0x0000000083a00000, 0x0000000083900000| Untracked 
|  58|0x0000000083a00000, 0x0000000083b00000, 0x0000000083b00000|100%| O|  |TAMS 0x0000000083b00000, 0x0000000083a00000| Untracked 
|  59|0x0000000083b00000, 0x0000000083c00000, 0x0000000083c00000|100%| O|  |TAMS 0x0000000083c00000, 0x0000000083b00000| Untracked 
|  60|0x0000000083c00000, 0x0000000083d00000, 0x0000000083d00000|100%|HS|  |TAMS 0x0000000083d00000, 0x0000000083c00000| Complete 
|  61|0x0000000083d00000, 0x0000000083dffff8, 0x0000000083e00000| 99%| O|  |TAMS 0x0000000083dffff8, 0x0000000083d00000| Untracked 
|  62|0x0000000083e00000, 0x0000000083f00000, 0x0000000083f00000|100%| O|  |TAMS 0x0000000083f00000, 0x0000000083e00000| Untracked 
|  63|0x0000000083f00000, 0x0000000084000000, 0x0000000084000000|100%| O|  |TAMS 0x0000000084000000, 0x0000000083f00000| Untracked 
|  64|0x0000000084000000, 0x0000000084100000, 0x0000000084100000|100%| O|  |TAMS 0x0000000084100000, 0x0000000084000000| Untracked 
|  65|0x0000000084100000, 0x0000000084200000, 0x0000000084200000|100%| O|  |TAMS 0x0000000084200000, 0x0000000084100000| Untracked 
|  66|0x0000000084200000, 0x0000000084300000, 0x0000000084300000|100%| O|  |TAMS 0x0000000084300000, 0x0000000084200000| Untracked 
|  67|0x0000000084300000, 0x0000000084400000, 0x0000000084400000|100%| O|  |TAMS 0x0000000084400000, 0x0000000084300000| Untracked 
|  68|0x0000000084400000, 0x0000000084500000, 0x0000000084500000|100%| O|  |TAMS 0x0000000084500000, 0x0000000084400000| Untracked 
|  69|0x0000000084500000, 0x0000000084600000, 0x0000000084600000|100%| O|  |TAMS 0x0000000084600000, 0x0000000084500000| Untracked 
|  70|0x0000000084600000, 0x0000000084700000, 0x0000000084700000|100%| O|  |TAMS 0x0000000084700000, 0x0000000084600000| Untracked 
|  71|0x0000000084700000, 0x0000000084800000, 0x0000000084800000|100%| O|  |TAMS 0x0000000084800000, 0x0000000084700000| Untracked 
|  72|0x0000000084800000, 0x0000000084900000, 0x0000000084900000|100%|HS|  |TAMS 0x0000000084900000, 0x0000000084800000| Complete 
|  73|0x0000000084900000, 0x0000000084a00000, 0x0000000084a00000|100%|HC|  |TAMS 0x0000000084a00000, 0x0000000084900000| Complete 
|  74|0x0000000084a00000, 0x0000000084b00000, 0x0000000084b00000|100%|HC|  |TAMS 0x0000000084b00000, 0x0000000084a00000| Complete 
|  75|0x0000000084b00000, 0x0000000084c00000, 0x0000000084c00000|100%|HC|  |TAMS 0x0000000084c00000, 0x0000000084b00000| Complete 
|  76|0x0000000084c00000, 0x0000000084d00000, 0x0000000084d00000|100%| O|  |TAMS 0x0000000084d00000, 0x0000000084c00000| Untracked 
|  77|0x0000000084d00000, 0x0000000084e00000, 0x0000000084e00000|100%| O|  |TAMS 0x0000000084e00000, 0x0000000084d00000| Untracked 
|  78|0x0000000084e00000, 0x0000000084f00000, 0x0000000084f00000|100%| O|  |TAMS 0x0000000084f00000, 0x0000000084e00000| Untracked 
|  79|0x0000000084f00000, 0x0000000085000000, 0x0000000085000000|100%| O|  |TAMS 0x0000000085000000, 0x0000000084f00000| Untracked 
|  80|0x0000000085000000, 0x0000000085100000, 0x0000000085100000|100%| O|  |TAMS 0x0000000085100000, 0x0000000085000000| Untracked 
|  81|0x0000000085100000, 0x0000000085200000, 0x0000000085200000|100%| O|  |TAMS 0x0000000085200000, 0x0000000085100000| Untracked 
|  82|0x0000000085200000, 0x0000000085300000, 0x0000000085300000|100%| O|  |TAMS 0x0000000085300000, 0x0000000085200000| Untracked 
|  83|0x0000000085300000, 0x0000000085400000, 0x0000000085400000|100%| O|  |TAMS 0x0000000085400000, 0x0000000085300000| Untracked 
|  84|0x0000000085400000, 0x0000000085500000, 0x0000000085500000|100%| O|  |TAMS 0x0000000085500000, 0x0000000085400000| Untracked 
|  85|0x0000000085500000, 0x0000000085600000, 0x0000000085600000|100%| O|  |TAMS 0x0000000085600000, 0x0000000085500000| Untracked 
|  86|0x0000000085600000, 0x0000000085700000, 0x0000000085700000|100%| O|  |TAMS 0x0000000085700000, 0x0000000085600000| Untracked 
|  87|0x0000000085700000, 0x0000000085800000, 0x0000000085800000|100%| O|  |TAMS 0x0000000085800000, 0x0000000085700000| Untracked 
|  88|0x0000000085800000, 0x0000000085900000, 0x0000000085900000|100%| O|  |TAMS 0x0000000085900000, 0x0000000085800000| Untracked 
|  89|0x0000000085900000, 0x0000000085a00000, 0x0000000085a00000|100%| O|  |TAMS 0x0000000085a00000, 0x0000000085900000| Untracked 
|  90|0x0000000085a00000, 0x0000000085b00000, 0x0000000085b00000|100%| O|  |TAMS 0x0000000085b00000, 0x0000000085a00000| Untracked 
|  91|0x0000000085b00000, 0x0000000085c00000, 0x0000000085c00000|100%| O|  |TAMS 0x0000000085c00000, 0x0000000085b00000| Untracked 
|  92|0x0000000085c00000, 0x0000000085d00000, 0x0000000085d00000|100%| O|  |TAMS 0x0000000085d00000, 0x0000000085c00000| Untracked 
|  93|0x0000000085d00000, 0x0000000085e00000, 0x0000000085e00000|100%| O|  |TAMS 0x0000000085e00000, 0x0000000085d00000| Untracked 
|  94|0x0000000085e00000, 0x0000000085f00000, 0x0000000085f00000|100%| O|  |TAMS 0x0000000085f00000, 0x0000000085e00000| Untracked 
|  95|0x0000000085f00000, 0x0000000086000000, 0x0000000086000000|100%| O|  |TAMS 0x0000000086000000, 0x0000000085f00000| Untracked 
|  96|0x0000000086000000, 0x0000000086100000, 0x0000000086100000|100%| O|  |TAMS 0x0000000086100000, 0x0000000086000000| Untracked 
|  97|0x0000000086100000, 0x0000000086200000, 0x0000000086200000|100%| O|  |TAMS 0x0000000086200000, 0x0000000086100000| Untracked 
|  98|0x0000000086200000, 0x0000000086300000, 0x0000000086300000|100%| O|  |TAMS 0x0000000086300000, 0x0000000086200000| Untracked 
|  99|0x0000000086300000, 0x0000000086400000, 0x0000000086400000|100%| O|  |TAMS 0x0000000086400000, 0x0000000086300000| Untracked 
| 100|0x0000000086400000, 0x0000000086500000, 0x0000000086500000|100%| O|  |TAMS 0x0000000086500000, 0x0000000086400000| Untracked 
| 101|0x0000000086500000, 0x0000000086600000, 0x0000000086600000|100%| O|  |TAMS 0x0000000086600000, 0x0000000086500000| Untracked 
| 102|0x0000000086600000, 0x0000000086700000, 0x0000000086700000|100%| O|  |TAMS 0x0000000086700000, 0x0000000086600000| Untracked 
| 103|0x0000000086700000, 0x0000000086700000, 0x0000000086800000|  0%| F|  |TAMS 0x0000000086700000, 0x0000000086700000| Untracked 
| 104|0x0000000086800000, 0x0000000086900000, 0x0000000086900000|100%| O|  |TAMS 0x0000000086900000, 0x0000000086800000| Untracked 
| 105|0x0000000086900000, 0x0000000086a00000, 0x0000000086a00000|100%| O|  |TAMS 0x0000000086a00000, 0x0000000086900000| Untracked 
| 106|0x0000000086a00000, 0x0000000086b00000, 0x0000000086b00000|100%| O|  |TAMS 0x0000000086b00000, 0x0000000086a00000| Untracked 
| 107|0x0000000086b00000, 0x0000000086c00000, 0x0000000086c00000|100%| O|  |TAMS 0x0000000086c00000, 0x0000000086b00000| Untracked 
| 108|0x0000000086c00000, 0x0000000086d00000, 0x0000000086d00000|100%| O|  |TAMS 0x0000000086d00000, 0x0000000086c00000| Untracked 
| 109|0x0000000086d00000, 0x0000000086e00000, 0x0000000086e00000|100%| O|  |TAMS 0x0000000086e00000, 0x0000000086d00000| Untracked 
| 110|0x0000000086e00000, 0x0000000086f00000, 0x0000000086f00000|100%| O|  |TAMS 0x0000000086f00000, 0x0000000086e00000| Untracked 
| 111|0x0000000086f00000, 0x0000000087000000, 0x0000000087000000|100%| O|  |TAMS 0x0000000087000000, 0x0000000086f00000| Untracked 
| 112|0x0000000087000000, 0x0000000087100000, 0x0000000087100000|100%| O|  |TAMS 0x0000000087100000, 0x0000000087000000| Untracked 
| 113|0x0000000087100000, 0x0000000087200000, 0x0000000087200000|100%| O|  |TAMS 0x0000000087200000, 0x0000000087100000| Untracked 
| 114|0x0000000087200000, 0x0000000087300000, 0x0000000087300000|100%| O|  |TAMS 0x0000000087300000, 0x0000000087200000| Untracked 
| 115|0x0000000087300000, 0x0000000087400000, 0x0000000087400000|100%| O|  |TAMS 0x0000000087400000, 0x0000000087300000| Untracked 
| 116|0x0000000087400000, 0x0000000087500000, 0x0000000087500000|100%| O|  |TAMS 0x0000000087500000, 0x0000000087400000| Untracked 
| 117|0x0000000087500000, 0x0000000087600000, 0x0000000087600000|100%| O|  |TAMS 0x0000000087600000, 0x0000000087500000| Untracked 
| 118|0x0000000087600000, 0x0000000087700000, 0x0000000087700000|100%| O|  |TAMS 0x0000000087700000, 0x0000000087600000| Untracked 
| 119|0x0000000087700000, 0x0000000087800000, 0x0000000087800000|100%| O|  |TAMS 0x0000000087749200, 0x0000000087700000| Untracked 
| 120|0x0000000087800000, 0x0000000087800000, 0x0000000087900000|  0%| F|  |TAMS 0x0000000087800000, 0x0000000087800000| Untracked 
| 121|0x0000000087900000, 0x0000000087900000, 0x0000000087a00000|  0%| F|  |TAMS 0x0000000087900000, 0x0000000087900000| Untracked 
| 122|0x0000000087a00000, 0x0000000087a00000, 0x0000000087b00000|  0%| F|  |TAMS 0x0000000087a00000, 0x0000000087a00000| Untracked 
| 123|0x0000000087b00000, 0x0000000087b00000, 0x0000000087c00000|  0%| F|  |TAMS 0x0000000087b00000, 0x0000000087b00000| Untracked 
| 124|0x0000000087c00000, 0x0000000087d00000, 0x0000000087d00000|100%| O|  |TAMS 0x0000000087c00000, 0x0000000087c00000| Untracked 
| 125|0x0000000087d00000, 0x0000000087e00000, 0x0000000087e00000|100%| O|  |TAMS 0x0000000087d00000, 0x0000000087d00000| Untracked 
| 126|0x0000000087e00000, 0x0000000087f00000, 0x0000000087f00000|100%| O|  |TAMS 0x0000000087e00000, 0x0000000087e00000| Untracked 
| 127|0x0000000087f00000, 0x0000000087fd4200, 0x0000000088000000| 82%| O|  |TAMS 0x0000000087f00000, 0x0000000087f00000| Untracked 
| 128|0x0000000088000000, 0x0000000088000000, 0x0000000088100000|  0%| F|  |TAMS 0x0000000088000000, 0x0000000088000000| Untracked 
| 129|0x0000000088100000, 0x0000000088100000, 0x0000000088200000|  0%| F|  |TAMS 0x0000000088100000, 0x0000000088100000| Untracked 
| 130|0x0000000088200000, 0x0000000088200000, 0x0000000088300000|  0%| F|  |TAMS 0x0000000088200000, 0x0000000088200000| Untracked 
| 131|0x0000000088300000, 0x0000000088300000, 0x0000000088400000|  0%| F|  |TAMS 0x0000000088300000, 0x0000000088300000| Untracked 
| 132|0x0000000088400000, 0x0000000088400000, 0x0000000088500000|  0%| F|  |TAMS 0x0000000088400000, 0x0000000088400000| Untracked 
| 133|0x0000000088500000, 0x0000000088500000, 0x0000000088600000|  0%| F|  |TAMS 0x0000000088500000, 0x0000000088500000| Untracked 
| 134|0x0000000088600000, 0x0000000088600000, 0x0000000088700000|  0%| F|  |TAMS 0x0000000088600000, 0x0000000088600000| Untracked 
| 135|0x0000000088700000, 0x0000000088700000, 0x0000000088800000|  0%| F|  |TAMS 0x0000000088700000, 0x0000000088700000| Untracked 
| 136|0x0000000088800000, 0x0000000088800000, 0x0000000088900000|  0%| F|  |TAMS 0x0000000088800000, 0x0000000088800000| Untracked 
| 137|0x0000000088900000, 0x0000000088900000, 0x0000000088a00000|  0%| F|  |TAMS 0x0000000088900000, 0x0000000088900000| Untracked 
| 138|0x0000000088a00000, 0x0000000088a00000, 0x0000000088b00000|  0%| F|  |TAMS 0x0000000088a00000, 0x0000000088a00000| Untracked 
| 139|0x0000000088b00000, 0x0000000088b00000, 0x0000000088c00000|  0%| F|  |TAMS 0x0000000088b00000, 0x0000000088b00000| Untracked 
| 140|0x0000000088c00000, 0x0000000088c00000, 0x0000000088d00000|  0%| F|  |TAMS 0x0000000088c00000, 0x0000000088c00000| Untracked 
| 141|0x0000000088d00000, 0x0000000088d00000, 0x0000000088e00000|  0%| F|  |TAMS 0x0000000088d00000, 0x0000000088d00000| Untracked 
| 142|0x0000000088e00000, 0x0000000088e00000, 0x0000000088f00000|  0%| F|  |TAMS 0x0000000088e00000, 0x0000000088e00000| Untracked 
| 143|0x0000000088f00000, 0x0000000088f00000, 0x0000000089000000|  0%| F|  |TAMS 0x0000000088f00000, 0x0000000088f00000| Untracked 
| 144|0x0000000089000000, 0x0000000089000000, 0x0000000089100000|  0%| F|  |TAMS 0x0000000089000000, 0x0000000089000000| Untracked 
| 145|0x0000000089100000, 0x0000000089100000, 0x0000000089200000|  0%| F|  |TAMS 0x0000000089100000, 0x0000000089100000| Untracked 
| 146|0x0000000089200000, 0x0000000089200000, 0x0000000089300000|  0%| F|  |TAMS 0x0000000089200000, 0x0000000089200000| Untracked 
| 147|0x0000000089300000, 0x0000000089300000, 0x0000000089400000|  0%| F|  |TAMS 0x0000000089300000, 0x0000000089300000| Untracked 
| 148|0x0000000089400000, 0x0000000089400000, 0x0000000089500000|  0%| F|  |TAMS 0x0000000089400000, 0x0000000089400000| Untracked 
| 149|0x0000000089500000, 0x0000000089500000, 0x0000000089600000|  0%| F|  |TAMS 0x0000000089500000, 0x0000000089500000| Untracked 
| 150|0x0000000089600000, 0x0000000089600000, 0x0000000089700000|  0%| F|  |TAMS 0x0000000089600000, 0x0000000089600000| Untracked 
| 151|0x0000000089700000, 0x0000000089700000, 0x0000000089800000|  0%| F|  |TAMS 0x0000000089700000, 0x0000000089700000| Untracked 
| 152|0x0000000089800000, 0x0000000089800000, 0x0000000089900000|  0%| F|  |TAMS 0x0000000089800000, 0x0000000089800000| Untracked 
| 153|0x0000000089900000, 0x0000000089900000, 0x0000000089a00000|  0%| F|  |TAMS 0x0000000089900000, 0x0000000089900000| Untracked 
| 154|0x0000000089a00000, 0x0000000089a00000, 0x0000000089b00000|  0%| F|  |TAMS 0x0000000089a00000, 0x0000000089a00000| Untracked 
| 155|0x0000000089b00000, 0x0000000089b00000, 0x0000000089c00000|  0%| F|  |TAMS 0x0000000089b00000, 0x0000000089b00000| Untracked 
| 156|0x0000000089c00000, 0x0000000089c00000, 0x0000000089d00000|  0%| F|  |TAMS 0x0000000089c00000, 0x0000000089c00000| Untracked 
| 157|0x0000000089d00000, 0x0000000089d00000, 0x0000000089e00000|  0%| F|  |TAMS 0x0000000089d00000, 0x0000000089d00000| Untracked 
| 158|0x0000000089e00000, 0x0000000089e00000, 0x0000000089f00000|  0%| F|  |TAMS 0x0000000089e00000, 0x0000000089e00000| Untracked 
| 159|0x0000000089f00000, 0x0000000089f00000, 0x000000008a000000|  0%| F|  |TAMS 0x0000000089f00000, 0x0000000089f00000| Untracked 
| 160|0x000000008a000000, 0x000000008a000000, 0x000000008a100000|  0%| F|  |TAMS 0x000000008a000000, 0x000000008a000000| Untracked 
| 161|0x000000008a100000, 0x000000008a100000, 0x000000008a200000|  0%| F|  |TAMS 0x000000008a100000, 0x000000008a100000| Untracked 
| 162|0x000000008a200000, 0x000000008a200000, 0x000000008a300000|  0%| F|  |TAMS 0x000000008a200000, 0x000000008a200000| Untracked 
| 163|0x000000008a300000, 0x000000008a300000, 0x000000008a400000|  0%| F|  |TAMS 0x000000008a300000, 0x000000008a300000| Untracked 
| 164|0x000000008a400000, 0x000000008a400000, 0x000000008a500000|  0%| F|  |TAMS 0x000000008a400000, 0x000000008a400000| Untracked 
| 165|0x000000008a500000, 0x000000008a500000, 0x000000008a600000|  0%| F|  |TAMS 0x000000008a500000, 0x000000008a500000| Untracked 
| 166|0x000000008a600000, 0x000000008a600000, 0x000000008a700000|  0%| F|  |TAMS 0x000000008a600000, 0x000000008a600000| Untracked 
| 167|0x000000008a700000, 0x000000008a700000, 0x000000008a800000|  0%| F|  |TAMS 0x000000008a700000, 0x000000008a700000| Untracked 
| 168|0x000000008a800000, 0x000000008a800000, 0x000000008a900000|  0%| F|  |TAMS 0x000000008a800000, 0x000000008a800000| Untracked 
| 169|0x000000008a900000, 0x000000008a900000, 0x000000008aa00000|  0%| F|  |TAMS 0x000000008a900000, 0x000000008a900000| Untracked 
| 170|0x000000008aa00000, 0x000000008aa00000, 0x000000008ab00000|  0%| F|  |TAMS 0x000000008aa00000, 0x000000008aa00000| Untracked 
| 171|0x000000008ab00000, 0x000000008ab00000, 0x000000008ac00000|  0%| F|  |TAMS 0x000000008ab00000, 0x000000008ab00000| Untracked 
| 172|0x000000008ac00000, 0x000000008ac00000, 0x000000008ad00000|  0%| F|  |TAMS 0x000000008ac00000, 0x000000008ac00000| Untracked 
| 173|0x000000008ad00000, 0x000000008ad00000, 0x000000008ae00000|  0%| F|  |TAMS 0x000000008ad00000, 0x000000008ad00000| Untracked 
| 174|0x000000008ae00000, 0x000000008ae00000, 0x000000008af00000|  0%| F|  |TAMS 0x000000008ae00000, 0x000000008ae00000| Untracked 
| 175|0x000000008af00000, 0x000000008af00000, 0x000000008b000000|  0%| F|  |TAMS 0x000000008af00000, 0x000000008af00000| Untracked 
| 176|0x000000008b000000, 0x000000008b000000, 0x000000008b100000|  0%| F|  |TAMS 0x000000008b000000, 0x000000008b000000| Untracked 
| 177|0x000000008b100000, 0x000000008b100000, 0x000000008b200000|  0%| F|  |TAMS 0x000000008b100000, 0x000000008b100000| Untracked 
| 178|0x000000008b200000, 0x000000008b200000, 0x000000008b300000|  0%| F|  |TAMS 0x000000008b200000, 0x000000008b200000| Untracked 
| 179|0x000000008b300000, 0x000000008b300000, 0x000000008b400000|  0%| F|  |TAMS 0x000000008b300000, 0x000000008b300000| Untracked 
| 180|0x000000008b400000, 0x000000008b400000, 0x000000008b500000|  0%| F|  |TAMS 0x000000008b400000, 0x000000008b400000| Untracked 
| 181|0x000000008b500000, 0x000000008b500000, 0x000000008b600000|  0%| F|  |TAMS 0x000000008b500000, 0x000000008b500000| Untracked 
| 182|0x000000008b600000, 0x000000008b600000, 0x000000008b700000|  0%| F|  |TAMS 0x000000008b600000, 0x000000008b600000| Untracked 
| 183|0x000000008b700000, 0x000000008b700000, 0x000000008b800000|  0%| F|  |TAMS 0x000000008b700000, 0x000000008b700000| Untracked 
| 184|0x000000008b800000, 0x000000008b800000, 0x000000008b900000|  0%| F|  |TAMS 0x000000008b800000, 0x000000008b800000| Untracked 
| 185|0x000000008b900000, 0x000000008b900000, 0x000000008ba00000|  0%| F|  |TAMS 0x000000008b900000, 0x000000008b900000| Untracked 
| 186|0x000000008ba00000, 0x000000008ba00000, 0x000000008bb00000|  0%| F|  |TAMS 0x000000008ba00000, 0x000000008ba00000| Untracked 
| 187|0x000000008bb00000, 0x000000008bb00000, 0x000000008bc00000|  0%| F|  |TAMS 0x000000008bb00000, 0x000000008bb00000| Untracked 
| 188|0x000000008bc00000, 0x000000008bc00000, 0x000000008bd00000|  0%| F|  |TAMS 0x000000008bc00000, 0x000000008bc00000| Untracked 
| 189|0x000000008bd00000, 0x000000008bd00000, 0x000000008be00000|  0%| F|  |TAMS 0x000000008bd00000, 0x000000008bd00000| Untracked 
| 190|0x000000008be00000, 0x000000008be00000, 0x000000008bf00000|  0%| F|  |TAMS 0x000000008be00000, 0x000000008be00000| Untracked 
| 191|0x000000008bf00000, 0x000000008bf00000, 0x000000008c000000|  0%| F|  |TAMS 0x000000008bf00000, 0x000000008bf00000| Untracked 
| 192|0x000000008c000000, 0x000000008c000000, 0x000000008c100000|  0%| F|  |TAMS 0x000000008c000000, 0x000000008c000000| Untracked 
| 193|0x000000008c100000, 0x000000008c100000, 0x000000008c200000|  0%| F|  |TAMS 0x000000008c100000, 0x000000008c100000| Untracked 
| 194|0x000000008c200000, 0x000000008c200000, 0x000000008c300000|  0%| F|  |TAMS 0x000000008c200000, 0x000000008c200000| Untracked 
| 195|0x000000008c300000, 0x000000008c300000, 0x000000008c400000|  0%| F|  |TAMS 0x000000008c300000, 0x000000008c300000| Untracked 
| 196|0x000000008c400000, 0x000000008c400000, 0x000000008c500000|  0%| F|  |TAMS 0x000000008c400000, 0x000000008c400000| Untracked 
| 197|0x000000008c500000, 0x000000008c500000, 0x000000008c600000|  0%| F|  |TAMS 0x000000008c500000, 0x000000008c500000| Untracked 
| 198|0x000000008c600000, 0x000000008c600000, 0x000000008c700000|  0%| F|  |TAMS 0x000000008c600000, 0x000000008c600000| Untracked 
| 199|0x000000008c700000, 0x000000008c780800, 0x000000008c800000| 50%| E|  |TAMS 0x000000008c700000, 0x000000008c700000| Complete 
| 200|0x000000008c800000, 0x000000008c900000, 0x000000008c900000|100%| E|CS|TAMS 0x000000008c800000, 0x000000008c800000| Complete 
| 201|0x000000008c900000, 0x000000008ca00000, 0x000000008ca00000|100%| E|CS|TAMS 0x000000008c900000, 0x000000008c900000| Complete 
| 202|0x000000008ca00000, 0x000000008cb00000, 0x000000008cb00000|100%| E|CS|TAMS 0x000000008ca00000, 0x000000008ca00000| Complete 
| 203|0x000000008cb00000, 0x000000008cc00000, 0x000000008cc00000|100%| E|CS|TAMS 0x000000008cb00000, 0x000000008cb00000| Complete 
| 204|0x000000008cc00000, 0x000000008cd00000, 0x000000008cd00000|100%| E|CS|TAMS 0x000000008cc00000, 0x000000008cc00000| Complete 
| 205|0x000000008cd00000, 0x000000008ce00000, 0x000000008ce00000|100%| E|CS|TAMS 0x000000008cd00000, 0x000000008cd00000| Complete 
| 206|0x000000008ce00000, 0x000000008cf00000, 0x000000008cf00000|100%| E|CS|TAMS 0x000000008ce00000, 0x000000008ce00000| Complete 
| 207|0x000000008cf00000, 0x000000008d000000, 0x000000008d000000|100%| E|CS|TAMS 0x000000008cf00000, 0x000000008cf00000| Complete 
| 208|0x000000008d000000, 0x000000008d100000, 0x000000008d100000|100%| E|CS|TAMS 0x000000008d000000, 0x000000008d000000| Complete 
| 209|0x000000008d100000, 0x000000008d200000, 0x000000008d200000|100%| E|CS|TAMS 0x000000008d100000, 0x000000008d100000| Complete 
| 210|0x000000008d200000, 0x000000008d300000, 0x000000008d300000|100%| E|CS|TAMS 0x000000008d200000, 0x000000008d200000| Complete 
| 211|0x000000008d300000, 0x000000008d400000, 0x000000008d400000|100%| E|CS|TAMS 0x000000008d300000, 0x000000008d300000| Complete 
| 212|0x000000008d400000, 0x000000008d500000, 0x000000008d500000|100%| E|CS|TAMS 0x000000008d400000, 0x000000008d400000| Complete 
| 213|0x000000008d500000, 0x000000008d600000, 0x000000008d600000|100%| E|CS|TAMS 0x000000008d500000, 0x000000008d500000| Complete 
| 214|0x000000008d600000, 0x000000008d700000, 0x000000008d700000|100%| E|CS|TAMS 0x000000008d600000, 0x000000008d600000| Complete 
| 215|0x000000008d700000, 0x000000008d800000, 0x000000008d800000|100%| E|CS|TAMS 0x000000008d700000, 0x000000008d700000| Complete 
| 216|0x000000008d800000, 0x000000008d900000, 0x000000008d900000|100%| E|CS|TAMS 0x000000008d800000, 0x000000008d800000| Complete 
| 217|0x000000008d900000, 0x000000008da00000, 0x000000008da00000|100%| E|CS|TAMS 0x000000008d900000, 0x000000008d900000| Complete 
| 218|0x000000008da00000, 0x000000008db00000, 0x000000008db00000|100%| E|CS|TAMS 0x000000008da00000, 0x000000008da00000| Complete 
| 219|0x000000008db00000, 0x000000008dc00000, 0x000000008dc00000|100%| E|  |TAMS 0x000000008db00000, 0x000000008db00000| Complete 
| 220|0x000000008dc00000, 0x000000008dd00000, 0x000000008dd00000|100%| E|CS|TAMS 0x000000008dc00000, 0x000000008dc00000| Complete 
| 221|0x000000008dd00000, 0x000000008de00000, 0x000000008de00000|100%| E|CS|TAMS 0x000000008dd00000, 0x000000008dd00000| Complete 
| 222|0x000000008de00000, 0x000000008df00000, 0x000000008df00000|100%| E|CS|TAMS 0x000000008de00000, 0x000000008de00000| Complete 
| 223|0x000000008df00000, 0x000000008dfa2f80, 0x000000008e000000| 63%| S|CS|TAMS 0x000000008df00000, 0x000000008df00000| Complete 
| 224|0x000000008e000000, 0x000000008e100000, 0x000000008e100000|100%| E|CS|TAMS 0x000000008e000000, 0x000000008e000000| Complete 
| 225|0x000000008e100000, 0x000000008e200000, 0x000000008e200000|100%| E|CS|TAMS 0x000000008e100000, 0x000000008e100000| Complete 
| 226|0x000000008e200000, 0x000000008e300000, 0x000000008e300000|100%| E|CS|TAMS 0x000000008e200000, 0x000000008e200000| Complete 
| 227|0x000000008e300000, 0x000000008e400000, 0x000000008e400000|100%| E|CS|TAMS 0x000000008e300000, 0x000000008e300000| Complete 
| 228|0x000000008e400000, 0x000000008e500000, 0x000000008e500000|100%| E|CS|TAMS 0x000000008e400000, 0x000000008e400000| Complete 
| 229|0x000000008e500000, 0x000000008e600000, 0x000000008e600000|100%| E|CS|TAMS 0x000000008e500000, 0x000000008e500000| Complete 
| 230|0x000000008e600000, 0x000000008e700000, 0x000000008e700000|100%| E|CS|TAMS 0x000000008e600000, 0x000000008e600000| Complete 
| 231|0x000000008e700000, 0x000000008e800000, 0x000000008e800000|100%| E|CS|TAMS 0x000000008e700000, 0x000000008e700000| Complete 
| 232|0x000000008e800000, 0x000000008e900000, 0x000000008e900000|100%| E|CS|TAMS 0x000000008e800000, 0x000000008e800000| Complete 
| 233|0x000000008e900000, 0x000000008ea00000, 0x000000008ea00000|100%| E|CS|TAMS 0x000000008e900000, 0x000000008e900000| Complete 
| 253|0x000000008fd00000, 0x000000008fe00000, 0x000000008fe00000|100%| E|CS|TAMS 0x000000008fd00000, 0x000000008fd00000| Complete 

Card table byte_map: [0x000001cf47c70000,0x000001cf48070000] _byte_map_base: 0x000001cf47870000

Marking Bits (Prev, Next): (CMBitMap*) 0x000001cf350bcff0, (CMBitMap*) 0x000001cf350bd030
 Prev Bits: [0x000001cf48470000, 0x000001cf4a470000)
 Next Bits: [0x000001cf4a470000, 0x000001cf4c470000)

Polling page: 0x000001cf32fc0000

Metaspace:

Usage:
  Non-class:    116.53 MB used.
      Class:     18.70 MB used.
       Both:    135.23 MB used.

Virtual space:
  Non-class space:      128.00 MB reserved,     117.00 MB ( 91%) committed,  2 nodes.
      Class space:        1.00 GB reserved,      19.19 MB (  2%) committed,  1 nodes.
             Both:        1.12 GB reserved,     136.19 MB ( 12%) committed. 

Chunk freelists:
   Non-Class:  10.65 MB
       Class:  12.77 MB
        Both:  23.42 MB

MaxMetaspaceSize: unlimited
CompressedClassSpaceSize: 1.00 GB
Initial GC threshold: 21.00 MB
Current GC threshold: 218.88 MB
CDS: off
MetaspaceReclaimPolicy: balanced
 - commit_granule_bytes: 65536.
 - commit_granule_words: 8192.
 - virtual_space_node_default_size: 8388608.
 - enlarge_chunks_in_place: 1.
 - new_chunks_are_fully_committed: 0.
 - uncommit_free_chunks: 1.
 - use_allocation_guard: 0.
 - handle_deallocations: 1.


Internal statistics:

num_allocs_failed_limit: 6.
num_arena_births: 1620.
num_arena_deaths: 18.
num_vsnodes_births: 3.
num_vsnodes_deaths: 0.
num_space_committed: 2177.
num_space_uncommitted: 0.
num_chunks_returned_to_freelist: 30.
num_chunks_taken_from_freelist: 6927.
num_chunk_merges: 15.
num_chunk_splits: 4581.
num_chunks_enlarged: 3063.
num_inconsistent_stats: 0.

CodeHeap 'non-profiled nmethods': size=120000Kb used=8701Kb max_used=8701Kb free=111298Kb
 bounds [0x000001cf40010000, 0x000001cf40890000, 0x000001cf47540000]
CodeHeap 'profiled nmethods': size=120000Kb used=25698Kb max_used=25698Kb free=94301Kb
 bounds [0x000001cf38540000, 0x000001cf39e60000, 0x000001cf3fa70000]
CodeHeap 'non-nmethods': size=5760Kb used=1814Kb max_used=1907Kb free=3945Kb
 bounds [0x000001cf3fa70000, 0x000001cf3fce0000, 0x000001cf40010000]
 total_blobs=14246 nmethods=13322 adapters=835
 compilation: enabled
              stopped_count=0, restarted_count=0
 full_count=0

Compilation events (20 events):
Event: 64.600 Thread 0x000001cf4f0cafe0 nmethod 15612 0x000001cf39e30910 code [0x000001cf39e30ae0, 0x000001cf39e30dd8]
Event: 64.600 Thread 0x000001cf4f0cafe0 15613       3       org.gradle.kotlin.dsl.support.ProjectExtensionsKt::isGradleKotlinDslJarName (16 bytes)
Event: 64.600 Thread 0x000001cf557882b0 15614       4       java.net.URI$Parser::checkChars (44 bytes)
Event: 64.601 Thread 0x000001cf4f0cafe0 nmethod 15613 0x000001cf39e30f10 code [0x000001cf39e31140, 0x000001cf39e31768]
Event: 64.605 Thread 0x000001cf4f0c86c0 15615   !   4       org.gradle.cache.internal.InMemoryDecoratedCache::get (44 bytes)
Event: 64.606 Thread 0x000001cf4f0cafe0 15618       3       org.gradle.api.internal.artifacts.ivyservice.moduleconverter.dependencies.DefaultExcludeRuleConverter::<init> (10 bytes)
Event: 64.606 Thread 0x000001cf4f0cafe0 nmethod 15618 0x000001cf39e31a10 code [0x000001cf39e31ba0, 0x000001cf39e31d58]
Event: 64.606 Thread 0x000001cf4f0cafe0 15619       1       org.gradle.api.internal.artifacts.repositories.AbstractArtifactRepository::getName (5 bytes)
Event: 64.607 Thread 0x000001cf4f0cafe0 nmethod 15619 0x000001cf40888010 code [0x000001cf408881a0, 0x000001cf40888278]
Event: 64.607 Thread 0x000001cf557882b0 nmethod 15614 0x000001cf40888310 code [0x000001cf408884a0, 0x000001cf408887c8]
Event: 64.607 Thread 0x000001cf557882b0 15616       4       org.gradle.cache.internal.InMemoryDecoratedCache$$Lambda$498/0x00000001005ad1d8::<init> (15 bytes)
Event: 64.610 Thread 0x000001cf557882b0 nmethod 15616 0x000001cf40888c10 code [0x000001cf40888d80, 0x000001cf40888fd8]
Event: 64.610 Thread 0x000001cf557882b0 15617       4       com.google.common.cache.LocalCache$Segment::recordRead (29 bytes)
Event: 64.623 Thread 0x000001cf4f0cafe0 15620       1       org.gradle.internal.logging.events.ProgressStartEvent::getDescription (5 bytes)
Event: 64.623 Thread 0x000001cf557882b0 nmethod 15617 0x000001cf40889090 code [0x000001cf40889240, 0x000001cf40889718]
Event: 64.623 Thread 0x000001cf4f0cafe0 nmethod 15620 0x000001cf40889a90 code [0x000001cf40889c20, 0x000001cf40889cf8]
Event: 64.624 Thread 0x000001cf4f0cafe0 15621       1       org.gradle.internal.logging.events.ProgressStartEvent::getTotalProgress (5 bytes)
Event: 64.624 Thread 0x000001cf4f0cafe0 nmethod 15621 0x000001cf40889d90 code [0x000001cf40889f20, 0x000001cf40889ff8]
Event: 64.627 Thread 0x000001cf4f0cafe0 15622       1       org.gradle.api.internal.attributes.DefaultAttributeMatchingStrategy::getDisambiguationRules (5 bytes)
Event: 64.628 Thread 0x000001cf4f0cafe0 nmethod 15622 0x000001cf4088a090 code [0x000001cf4088a220, 0x000001cf4088a2f8]

GC Heap History (20 events):
Event: 46.181 GC heap before
{Heap before GC invocations=70 (full 0):
 garbage-first heap   total 168960K, used 143962K [0x0000000080000000, 0x0000000100000000)
  region size 1024K, 28 young (28672K), 3 survivors (3072K)
 Metaspace       used 116672K, committed 117504K, reserved 1179648K
  class space    used 15972K, committed 16384K, reserved 1048576K
}
Event: 46.187 GC heap after
{Heap after GC invocations=71 (full 0):
 garbage-first heap   total 168960K, used 120796K [0x0000000080000000, 0x0000000100000000)
  region size 1024K, 3 young (3072K), 3 survivors (3072K)
 Metaspace       used 116672K, committed 117504K, reserved 1179648K
  class space    used 15972K, committed 16384K, reserved 1048576K
}
Event: 46.623 GC heap before
{Heap before GC invocations=71 (full 0):
 garbage-first heap   total 168960K, used 144348K [0x0000000080000000, 0x0000000100000000)
  region size 1024K, 27 young (27648K), 3 survivors (3072K)
 Metaspace       used 119445K, committed 120320K, reserved 1179648K
  class space    used 16356K, committed 16768K, reserved 1048576K
}
Event: 46.626 GC heap after
{Heap after GC invocations=72 (full 0):
 garbage-first heap   total 168960K, used 121849K [0x0000000080000000, 0x0000000100000000)
  region size 1024K, 3 young (3072K), 3 survivors (3072K)
 Metaspace       used 119445K, committed 120320K, reserved 1179648K
  class space    used 16356K, committed 16768K, reserved 1048576K
}
Event: 46.996 GC heap before
{Heap before GC invocations=72 (full 0):
 garbage-first heap   total 168960K, used 144377K [0x0000000080000000, 0x0000000100000000)
  region size 1024K, 26 young (26624K), 3 survivors (3072K)
 Metaspace       used 122435K, committed 123328K, reserved 1179648K
  class space    used 16791K, committed 17216K, reserved 1048576K
}
Event: 47.000 GC heap after
{Heap after GC invocations=73 (full 0):
 garbage-first heap   total 168960K, used 122195K [0x0000000080000000, 0x0000000100000000)
  region size 1024K, 2 young (2048K), 2 survivors (2048K)
 Metaspace       used 122435K, committed 123328K, reserved 1179648K
  class space    used 16791K, committed 17216K, reserved 1048576K
}
Event: 47.389 GC heap before
{Heap before GC invocations=73 (full 0):
 garbage-first heap   total 168960K, used 145747K [0x0000000080000000, 0x0000000100000000)
  region size 1024K, 26 young (26624K), 2 survivors (2048K)
 Metaspace       used 125719K, committed 126656K, reserved 1179648K
  class space    used 17271K, committed 17728K, reserved 1048576K
}
Event: 47.393 GC heap after
{Heap after GC invocations=74 (full 0):
 garbage-first heap   total 168960K, used 122531K [0x0000000080000000, 0x0000000100000000)
  region size 1024K, 2 young (2048K), 2 survivors (2048K)
 Metaspace       used 125719K, committed 126656K, reserved 1179648K
  class space    used 17271K, committed 17728K, reserved 1048576K
}
Event: 47.839 GC heap before
{Heap before GC invocations=74 (full 0):
 garbage-first heap   total 168960K, used 146083K [0x0000000080000000, 0x0000000100000000)
  region size 1024K, 26 young (26624K), 2 survivors (2048K)
 Metaspace       used 129090K, committed 130112K, reserved 1179648K
  class space    used 17857K, committed 18368K, reserved 1048576K
}
Event: 47.842 GC heap after
{Heap after GC invocations=75 (full 0):
 garbage-first heap   total 168960K, used 123113K [0x0000000080000000, 0x0000000100000000)
  region size 1024K, 3 young (3072K), 3 survivors (3072K)
 Metaspace       used 129090K, committed 130112K, reserved 1179648K
  class space    used 17857K, committed 18368K, reserved 1048576K
}
Event: 48.405 GC heap before
{Heap before GC invocations=75 (full 0):
 garbage-first heap   total 168960K, used 146665K [0x0000000080000000, 0x0000000100000000)
  region size 1024K, 27 young (27648K), 3 survivors (3072K)
 Metaspace       used 131689K, committed 132672K, reserved 1179648K
  class space    used 18375K, committed 18880K, reserved 1048576K
}
Event: 48.411 GC heap after
{Heap after GC invocations=76 (full 0):
 garbage-first heap   total 168960K, used 123640K [0x0000000080000000, 0x0000000100000000)
  region size 1024K, 3 young (3072K), 3 survivors (3072K)
 Metaspace       used 131689K, committed 132672K, reserved 1179648K
  class space    used 18375K, committed 18880K, reserved 1048576K
}
Event: 48.964 GC heap before
{Heap before GC invocations=76 (full 0):
 garbage-first heap   total 168960K, used 146168K [0x0000000080000000, 0x0000000100000000)
  region size 1024K, 26 young (26624K), 3 survivors (3072K)
 Metaspace       used 133105K, committed 134016K, reserved 1179648K
  class space    used 18577K, committed 19008K, reserved 1048576K
}
Event: 48.970 GC heap after
{Heap after GC invocations=77 (full 0):
 garbage-first heap   total 168960K, used 126244K [0x0000000080000000, 0x0000000100000000)
  region size 1024K, 4 young (4096K), 4 survivors (4096K)
 Metaspace       used 133105K, committed 134016K, reserved 1179648K
  class space    used 18577K, committed 19008K, reserved 1048576K
}
Event: 49.013 GC heap before
{Heap before GC invocations=77 (full 0):
 garbage-first heap   total 168960K, used 130340K [0x0000000080000000, 0x0000000100000000)
  region size 1024K, 6 young (6144K), 4 survivors (4096K)
 Metaspace       used 133253K, committed 134208K, reserved 1179648K
  class space    used 18599K, committed 19072K, reserved 1048576K
}
Event: 49.019 GC heap after
{Heap after GC invocations=78 (full 0):
 garbage-first heap   total 168960K, used 130990K [0x0000000080000000, 0x0000000100000000)
  region size 1024K, 1 young (1024K), 1 survivors (1024K)
 Metaspace       used 133253K, committed 134208K, reserved 1179648K
  class space    used 18599K, committed 19072K, reserved 1048576K
}
Event: 49.392 GC heap before
{Heap before GC invocations=79 (full 0):
 garbage-first heap   total 240640K, used 148398K [0x0000000080000000, 0x0000000100000000)
  region size 1024K, 11 young (11264K), 1 survivors (1024K)
 Metaspace       used 134020K, committed 134976K, reserved 1179648K
  class space    used 18725K, committed 19200K, reserved 1048576K
}
Event: 49.395 GC heap after
{Heap after GC invocations=80 (full 0):
 garbage-first heap   total 240640K, used 126664K [0x0000000080000000, 0x0000000100000000)
  region size 1024K, 1 young (1024K), 1 survivors (1024K)
 Metaspace       used 134020K, committed 134976K, reserved 1179648K
  class space    used 18725K, committed 19200K, reserved 1048576K
}
Event: 49.722 GC heap before
{Heap before GC invocations=80 (full 0):
 garbage-first heap   total 240640K, used 135880K [0x0000000080000000, 0x0000000100000000)
  region size 1024K, 11 young (11264K), 1 survivors (1024K)
 Metaspace       used 135592K, committed 136576K, reserved 1179648K
  class space    used 18879K, committed 19392K, reserved 1048576K
}
Event: 49.725 GC heap after
{Heap after GC invocations=81 (full 0):
 garbage-first heap   total 240640K, used 126428K [0x0000000080000000, 0x0000000100000000)
  region size 1024K, 1 young (1024K), 1 survivors (1024K)
 Metaspace       used 135592K, committed 136576K, reserved 1179648K
  class space    used 18879K, committed 19392K, reserved 1048576K
}

Dll operation events (3 events):
Event: 0.010 Loaded shared library C:\Program Files\Android\Android Studio\jbr\bin\java.dll
Event: 0.198 Loaded shared library C:\Program Files\Android\Android Studio\jbr\bin\zip.dll
Event: 0.774 Loaded shared library C:\Program Files\Android\Android Studio\jbr\bin\verify.dll

Deoptimization events (20 events):
Event: 64.451 Thread 0x000001cf54b83710 Uncommon trap: trap_request=0xffffffc6 fr.pc=0x000001cf403f5070 relative=0x0000000000000810
Event: 64.451 Thread 0x000001cf54b83710 Uncommon trap: reason=bimorphic_or_optimized_type_check action=maybe_recompile pc=0x000001cf403f5070 method=java.util.stream.MatchOps$MatchOp.evaluateSequential(Ljava/util/stream/PipelineHelper;Ljava/util/Spliterator;)Ljava/lang/Boolean; @ 14 c2
Event: 64.451 Thread 0x000001cf54b83710 DEOPT PACKING pc=0x000001cf403f5070 sp=0x000000ac0edfbca0
Event: 64.451 Thread 0x000001cf54b83710 DEOPT UNPACKING pc=0x000001cf3fac69a3 sp=0x000000ac0edfbbc8 mode 2
Event: 64.610 Thread 0x000001cf54b83710 Uncommon trap: trap_request=0xffffffde fr.pc=0x000001cf407509f0 relative=0x0000000000000d30
Event: 64.610 Thread 0x000001cf54b83710 Uncommon trap: reason=class_check action=maybe_recompile pc=0x000001cf407509f0 method=com.google.common.cache.LocalCache$Segment.setValue(Lcom/google/common/cache/ReferenceEntry;Ljava/lang/Object;Ljava/lang/Object;J)V @ 51 c2
Event: 64.610 Thread 0x000001cf54b83710 DEOPT PACKING pc=0x000001cf407509f0 sp=0x000000ac0edfaea0
Event: 64.610 Thread 0x000001cf54b83710 DEOPT UNPACKING pc=0x000001cf3fac69a3 sp=0x000000ac0edfae48 mode 2
Event: 64.610 Thread 0x000001cf54b83710 Uncommon trap: trap_request=0xffffffde fr.pc=0x000001cf407509f0 relative=0x0000000000000d30
Event: 64.610 Thread 0x000001cf54b83710 Uncommon trap: reason=class_check action=maybe_recompile pc=0x000001cf407509f0 method=com.google.common.cache.LocalCache$Segment.setValue(Lcom/google/common/cache/ReferenceEntry;Ljava/lang/Object;Ljava/lang/Object;J)V @ 51 c2
Event: 64.610 Thread 0x000001cf54b83710 DEOPT PACKING pc=0x000001cf407509f0 sp=0x000000ac0edfadb0
Event: 64.610 Thread 0x000001cf54b83710 DEOPT UNPACKING pc=0x000001cf3fac69a3 sp=0x000000ac0edfad58 mode 2
Event: 64.610 Thread 0x000001cf54b83710 Uncommon trap: trap_request=0xffffffde fr.pc=0x000001cf407509f0 relative=0x0000000000000d30
Event: 64.610 Thread 0x000001cf54b83710 Uncommon trap: reason=class_check action=maybe_recompile pc=0x000001cf407509f0 method=com.google.common.cache.LocalCache$Segment.setValue(Lcom/google/common/cache/ReferenceEntry;Ljava/lang/Object;Ljava/lang/Object;J)V @ 51 c2
Event: 64.610 Thread 0x000001cf54b83710 DEOPT PACKING pc=0x000001cf407509f0 sp=0x000000ac0edfadb0
Event: 64.610 Thread 0x000001cf54b83710 DEOPT UNPACKING pc=0x000001cf3fac69a3 sp=0x000000ac0edfad58 mode 2
Event: 64.625 Thread 0x000001cf54b83710 Uncommon trap: trap_request=0xffffffc6 fr.pc=0x000001cf4069ff6c relative=0x0000000000000ecc
Event: 64.625 Thread 0x000001cf54b83710 Uncommon trap: reason=bimorphic_or_optimized_type_check action=maybe_recompile pc=0x000001cf4069ff6c method=com.google.common.collect.MapMakerInternalMap$Segment.runLockedCleanup()V @ 8 c2
Event: 64.625 Thread 0x000001cf54b83710 DEOPT PACKING pc=0x000001cf4069ff6c sp=0x000000ac0edfb1f0
Event: 64.625 Thread 0x000001cf54b83710 DEOPT UNPACKING pc=0x000001cf3fac69a3 sp=0x000000ac0edfb1e0 mode 2

Classes unloaded (9 events):
Event: 49.204 Thread 0x000001cf4f04f640 Unloading class 0x000000010100c800 'jdk/internal/reflect/GeneratedSerializationConstructorAccessor161'
Event: 49.204 Thread 0x000001cf4f04f640 Unloading class 0x000000010100c400 'jdk/internal/reflect/GeneratedSerializationConstructorAccessor160'
Event: 49.204 Thread 0x000001cf4f04f640 Unloading class 0x0000000100f35c00 'java/lang/invoke/LambdaForm$DMH+0x0000000100f35c00'
Event: 49.204 Thread 0x000001cf4f04f640 Unloading class 0x0000000100f35800 'java/lang/invoke/LambdaForm$DMH+0x0000000100f35800'
Event: 49.204 Thread 0x000001cf4f04f640 Unloading class 0x0000000100f35400 'java/lang/invoke/LambdaForm$DMH+0x0000000100f35400'
Event: 49.204 Thread 0x000001cf4f04f640 Unloading class 0x0000000100f35000 'java/lang/invoke/LambdaForm$DMH+0x0000000100f35000'
Event: 49.204 Thread 0x000001cf4f04f640 Unloading class 0x0000000100f34c00 'java/lang/invoke/LambdaForm$DMH+0x0000000100f34c00'
Event: 49.204 Thread 0x000001cf4f04f640 Unloading class 0x0000000100f34800 'java/lang/invoke/LambdaForm$DMH+0x0000000100f34800'
Event: 49.204 Thread 0x000001cf4f04f640 Unloading class 0x0000000100f34400 'java/lang/invoke/LambdaForm$DMH+0x0000000100f34400'

Classes redefined (0 events):
No events

Internal exceptions (20 events):
Event: 48.625 Thread 0x000001cf5f20b8e0 Exception <a 'java/lang/NoSuchMethodError'{0x000000008996a908}: static Lcom/android/build/api/variant/impl/VariantOutputConfigurationImpl;.<clinit>()V> (0x000000008996a908) 
thrown [s\src\hotspot\share\prims\jni.cpp, line 1108]
Event: 48.758 Thread 0x000001cf55345a00 Exception <a 'java/lang/NoSuchMethodError'{0x0000000089534ce8}: 'java.lang.Object java.lang.invoke.DirectMethodHandle$Holder.newInvokeSpecial(java.lang.Object, java.lang.Object, java.lang.Object, java.lang.Object, java.lang.Object, int, java.lang.Object)'> (0x0000000089534ce8) 
thrown [s\src\hotspot\share\interpreter\linkResolver.cpp, line 771]
Event: 48.759 Thread 0x000001cf55345a00 Exception <a 'java/lang/NoSuchMethodError'{0x000000008953ef28}: 'java.lang.Object java.lang.invoke.Invokers$Holder.linkToTargetMethod(java.lang.Object, java.lang.Object, java.lang.Object, java.lang.Object, int, java.lang.Object, java.lang.Object)'> (0x000000008953ef28) 
thrown [s\src\hotspot\share\interpreter\linkResolver.cpp, line 771]
Event: 48.779 Thread 0x000001cf55345a00 Exception <a 'java/lang/NoSuchMethodError'{0x00000000895e30e8}: 'java.lang.Object java.lang.invoke.DirectMethodHandle$Holder.newInvokeSpecial(java.lang.Object, java.lang.Object, java.lang.Object, java.lang.Object, java.lang.Object, java.lang.Object, java.lang.Object, int)'> (0x00000000895e30e8) 
thrown [s\src\hotspot\share\interpreter\linkResolver.cpp, line 771]
Event: 48.780 Thread 0x000001cf55345a00 Exception <a 'java/lang/NoSuchMethodError'{0x00000000895e8cb0}: 'java.lang.Object java.lang.invoke.DirectMethodHandle$Holder.invokeSpecial(java.lang.Object, java.lang.Object, java.lang.Object, java.lang.Object, java.lang.Object, java.lang.Object, java.lang.Object, java.lang.Object, int)'> (0x00000000895e8cb0) 
thrown [s\src\hotspot\share\interpreter\linkResolver.cpp, line 771]
Event: 48.780 Thread 0x000001cf55345a00 Exception <a 'java/lang/NoSuchMethodError'{0x00000000895ee368}: 'java.lang.Object java.lang.invoke.Invokers$Holder.linkToTargetMethod(java.lang.Object, java.lang.Object, java.lang.Object, java.lang.Object, java.lang.Object, java.lang.Object, int, java.lang.Object)'> (0x00000000895ee368) 
thrown [s\src\hotspot\share\interpreter\linkResolver.cpp, line 771]
Event: 48.781 Thread 0x000001cf55345a00 Implicit null exception at 0x000001cf40833817 to 0x000001cf40833978
Event: 49.103 Thread 0x000001cf55345a00 Implicit null exception at 0x000001cf406542cb to 0x000001cf406542f0
Event: 49.255 Thread 0x000001cf54b83710 Exception <a 'java/lang/NoSuchMethodError'{0x000000008cce9f48}: static Lorg/jetbrains/kotlin/gradle/plugin/statistics/MetricContainer;.<clinit>()V> (0x000000008cce9f48) 
thrown [s\src\hotspot\share\prims\jni.cpp, line 1108]
Event: 49.300 Thread 0x000001cf54b83710 Exception <a 'sun/nio/fs/WindowsException'{0x000000008e86d020}> (0x000000008e86d020) 
thrown [s\src\hotspot\share\prims\jni.cpp, line 517]
Event: 49.300 Thread 0x000001cf54b83710 Exception <a 'sun/nio/fs/WindowsException'{0x000000008e86d450}> (0x000000008e86d450) 
thrown [s\src\hotspot\share\prims\jni.cpp, line 517]
Event: 49.300 Thread 0x000001cf54b83710 Exception <a 'sun/nio/fs/WindowsException'{0x000000008e86f380}> (0x000000008e86f380) 
thrown [s\src\hotspot\share\prims\jni.cpp, line 517]
Event: 49.377 Thread 0x000001cf588fb520 Exception <a 'sun/nio/fs/WindowsException'{0x000000008e54f050}> (0x000000008e54f050) 
thrown [s\src\hotspot\share\prims\jni.cpp, line 517]
Event: 49.448 Thread 0x000001cf54b83710 Implicit null exception at 0x000001cf40709ee3 to 0x000001cf40709fc4
Event: 49.458 Thread 0x000001cf54b83710 Implicit null exception at 0x000001cf404bb3c4 to 0x000001cf404be858
Event: 49.458 Thread 0x000001cf54b83710 Implicit null exception at 0x000001cf4059808f to 0x000001cf405980dc
Event: 64.556 Thread 0x000001cf54b83710 Exception <a 'sun/nio/fs/WindowsException'{0x000000008d357de8}> (0x000000008d357de8) 
thrown [s\src\hotspot\share\prims\jni.cpp, line 517]
Event: 64.557 Thread 0x000001cf54b83710 Exception <a 'sun/nio/fs/WindowsException'{0x000000008d359360}> (0x000000008d359360) 
thrown [s\src\hotspot\share\prims\jni.cpp, line 517]
Event: 64.557 Thread 0x000001cf54b83710 Exception <a 'sun/nio/fs/WindowsException'{0x000000008d35a8d8}> (0x000000008d35a8d8) 
thrown [s\src\hotspot\share\prims\jni.cpp, line 517]
Event: 64.558 Thread 0x000001cf54b83710 Exception <a 'sun/nio/fs/WindowsException'{0x000000008d35be40}> (0x000000008d35be40) 
thrown [s\src\hotspot\share\prims\jni.cpp, line 517]

VM Operations (20 events):
Event: 49.286 Executing VM operation: HandshakeAllThreads
Event: 49.287 Executing VM operation: HandshakeAllThreads done
Event: 49.313 Executing VM operation: G1PauseCleanup
Event: 49.326 Executing VM operation: G1PauseCleanup done
Event: 49.381 Executing VM operation: HandshakeAllThreads
Event: 49.384 Executing VM operation: HandshakeAllThreads done
Event: 49.392 Executing VM operation: G1CollectForAllocation
Event: 49.395 Executing VM operation: G1CollectForAllocation done
Event: 49.722 Executing VM operation: G1CollectForAllocation
Event: 49.725 Executing VM operation: G1CollectForAllocation done
Event: 50.000 Executing VM operation: HandshakeAllThreads
Event: 50.000 Executing VM operation: HandshakeAllThreads done
Event: 51.000 Executing VM operation: Cleanup
Event: 51.000 Executing VM operation: Cleanup done
Event: 56.003 Executing VM operation: Cleanup
Event: 56.003 Executing VM operation: Cleanup done
Event: 60.114 Executing VM operation: HandshakeAllThreads
Event: 60.114 Executing VM operation: HandshakeAllThreads done
Event: 64.117 Executing VM operation: Cleanup
Event: 64.117 Executing VM operation: Cleanup done

Events (20 events):
Event: 64.386 Thread 0x000001cf5f20c300 Thread added: 0x000001cf5f20c300
Event: 64.403 Thread 0x000001cf5f20a9b0 Thread added: 0x000001cf5f20a9b0
Event: 64.426 Thread 0x000001cf5f20b8e0 Thread added: 0x000001cf5f20b8e0
Event: 64.426 loading class jdk/internal/math/FormattedFloatingDecimal$Form
Event: 64.427 loading class jdk/internal/math/FormattedFloatingDecimal$Form done
Event: 64.427 loading class jdk/internal/math/FormattedFloatingDecimal
Event: 64.427 loading class jdk/internal/math/FormattedFloatingDecimal done
Event: 64.427 loading class jdk/internal/math/FormattedFloatingDecimal$1
Event: 64.427 loading class jdk/internal/math/FormattedFloatingDecimal$1 done
Event: 64.428 loading class jdk/internal/math/FormattedFloatingDecimal$2
Event: 64.428 loading class jdk/internal/math/FormattedFloatingDecimal$2 done
Event: 64.431 Thread 0x000001cf5f211400 Thread added: 0x000001cf5f211400
Event: 64.434 Thread 0x000001cf5f20e160 Thread added: 0x000001cf5f20e160
Event: 64.457 Thread 0x000001cf557882b0 Thread added: 0x000001cf557882b0
Event: 64.458 Thread 0x000001cf5578cd10 Thread added: 0x000001cf5578cd10
Event: 64.529 Thread 0x000001cf5f2109e0 Thread added: 0x000001cf5f2109e0
Event: 64.536 Thread 0x000001cf5f20e670 Thread added: 0x000001cf5f20e670
Event: 64.540 Thread 0x000001cf5f20dc50 Thread added: 0x000001cf5f20dc50
Event: 64.548 Thread 0x000001cf5f2104d0 Thread added: 0x000001cf5f2104d0
Event: 64.614 Thread 0x000001cf5f20cd20 Thread added: 0x000001cf5f20cd20


Dynamic libraries:
0x00007ff749d30000 - 0x00007ff749d3a000 	C:\Program Files\Android\Android Studio\jbr\bin\java.exe
0x00007fff2f790000 - 0x00007fff2f988000 	C:\WINDOWS\SYSTEM32\ntdll.dll
0x00007fff2f220000 - 0x00007fff2f2dd000 	C:\WINDOWS\System32\KERNEL32.DLL
0x00007fff2d420000 - 0x00007fff2d716000 	C:\WINDOWS\System32\KERNELBASE.dll
0x00007fff2d200000 - 0x00007fff2d300000 	C:\WINDOWS\System32\ucrtbase.dll
0x00007fff1ae30000 - 0x00007fff1ae47000 	C:\Program Files\Android\Android Studio\jbr\bin\jli.dll
0x00007fff2ef80000 - 0x00007fff2f11f000 	C:\WINDOWS\System32\USER32.dll
0x00007fff2d1d0000 - 0x00007fff2d1f2000 	C:\WINDOWS\System32\win32u.dll
0x00007fff2f120000 - 0x00007fff2f14b000 	C:\WINDOWS\System32\GDI32.dll
0x00007fff122b0000 - 0x00007fff1254a000 	C:\WINDOWS\WinSxS\amd64_microsoft.windows.common-controls_6595b64144ccf1df_6.0.19041.3636_none_60b6a03d71f818d5\COMCTL32.dll
0x00007fff2d300000 - 0x00007fff2d417000 	C:\WINDOWS\System32\gdi32full.dll
0x00007fff2ebe0000 - 0x00007fff2ec7e000 	C:\WINDOWS\System32\msvcrt.dll
0x00007fff2d720000 - 0x00007fff2d7bd000 	C:\WINDOWS\System32\msvcp_win.dll
0x00007fff07590000 - 0x00007fff075ab000 	C:\Program Files\Android\Android Studio\jbr\bin\VCRUNTIME140.dll
0x00007fff2dc30000 - 0x00007fff2dc62000 	C:\WINDOWS\System32\IMM32.DLL
0x00007fff0aff0000 - 0x00007fff0affc000 	C:\Program Files\Android\Android Studio\jbr\bin\vcruntime140_1.dll
0x00007ffef7ff0000 - 0x00007ffef807d000 	C:\Program Files\Android\Android Studio\jbr\bin\msvcp140.dll
0x00007ffeed610000 - 0x00007ffeee293000 	C:\Program Files\Android\Android Studio\jbr\bin\server\jvm.dll
0x00007fff2d8f0000 - 0x00007fff2d9a0000 	C:\WINDOWS\System32\ADVAPI32.dll
0x00007fff2d9a0000 - 0x00007fff2da40000 	C:\WINDOWS\System32\sechost.dll
0x00007fff2ee50000 - 0x00007fff2ef73000 	C:\WINDOWS\System32\RPCRT4.dll
0x00007fff2d1a0000 - 0x00007fff2d1c7000 	C:\WINDOWS\System32\bcrypt.dll
0x00007fff2cbf0000 - 0x00007fff2cc3b000 	C:\WINDOWS\SYSTEM32\POWRPROF.dll
0x00007fff28060000 - 0x00007fff28069000 	C:\WINDOWS\SYSTEM32\WSOCK32.dll
0x00007fff23c60000 - 0x00007fff23c87000 	C:\WINDOWS\SYSTEM32\WINMM.dll
0x00007fff2db60000 - 0x00007fff2dbcb000 	C:\WINDOWS\System32\WS2_32.dll
0x00007fff25460000 - 0x00007fff2546a000 	C:\WINDOWS\SYSTEM32\VERSION.dll
0x00007fff2cbd0000 - 0x00007fff2cbe2000 	C:\WINDOWS\SYSTEM32\UMPDC.dll
0x00007fff2b620000 - 0x00007fff2b632000 	C:\WINDOWS\SYSTEM32\kernel.appcore.dll
0x00007fff280f0000 - 0x00007fff280fa000 	C:\Program Files\Android\Android Studio\jbr\bin\jimage.dll
0x00007fff2aae0000 - 0x00007fff2acc4000 	C:\WINDOWS\SYSTEM32\DBGHELP.DLL
0x00007fff2a030000 - 0x00007fff2a064000 	C:\WINDOWS\SYSTEM32\dbgcore.DLL
0x00007fff2cf40000 - 0x00007fff2cfc2000 	C:\WINDOWS\System32\bcryptPrimitives.dll
0x00007fff1b000000 - 0x00007fff1b00e000 	C:\Program Files\Android\Android Studio\jbr\bin\instrument.dll
0x00007fff237c0000 - 0x00007fff237e5000 	C:\Program Files\Android\Android Studio\jbr\bin\java.dll
0x00007fff28070000 - 0x00007fff28088000 	C:\Program Files\Android\Android Studio\jbr\bin\zip.dll
0x00007fff2e470000 - 0x00007fff2ebdb000 	C:\WINDOWS\System32\SHELL32.dll
0x00007fff2ae70000 - 0x00007fff2b60e000 	C:\WINDOWS\SYSTEM32\windows.storage.dll
0x00007fff2f3f0000 - 0x00007fff2f743000 	C:\WINDOWS\System32\combase.dll
0x00007fff2c800000 - 0x00007fff2c82e000 	C:\WINDOWS\SYSTEM32\Wldp.dll
0x00007fff2f150000 - 0x00007fff2f21d000 	C:\WINDOWS\System32\OLEAUT32.dll
0x00007fff2da50000 - 0x00007fff2dafd000 	C:\WINDOWS\System32\SHCORE.dll
0x00007fff2f2e0000 - 0x00007fff2f335000 	C:\WINDOWS\System32\shlwapi.dll
0x00007fff2cd70000 - 0x00007fff2cd93000 	C:\WINDOWS\SYSTEM32\profapi.dll
0x00007fff1ccb0000 - 0x00007fff1ccc9000 	C:\Program Files\Android\Android Studio\jbr\bin\net.dll
0x00007fff285b0000 - 0x00007fff286ba000 	C:\WINDOWS\SYSTEM32\WINHTTP.dll
0x00007fff2c500000 - 0x00007fff2c56a000 	C:\WINDOWS\system32\mswsock.dll
0x00007fff1b050000 - 0x00007fff1b066000 	C:\Program Files\Android\Android Studio\jbr\bin\nio.dll
0x00007fff1cca0000 - 0x00007fff1ccb0000 	C:\Program Files\Android\Android Studio\jbr\bin\verify.dll
0x00007fff0dc10000 - 0x00007fff0dc37000 	C:\Users\user\.gradle\native\c067742578af261105cb4f569cf0c3c89f3d7b1fecec35dd04571415982c5e48\windows-amd64\native-platform.dll
0x00007ffefa110000 - 0x00007ffefa254000 	C:\Users\user\.gradle\native\38dada09dfb8b06ba9b0570ebf7e218e3eb74d4ef43ca46872605cf95ebc2f47\windows-amd64\native-platform-file-events.dll
0x00007fff261a0000 - 0x00007fff261a9000 	C:\Program Files\Android\Android Studio\jbr\bin\management.dll
0x00007fff237b0000 - 0x00007fff237bb000 	C:\Program Files\Android\Android Studio\jbr\bin\management_ext.dll
0x00007fff2edc0000 - 0x00007fff2edc8000 	C:\WINDOWS\System32\PSAPI.DLL
0x00007fff2c700000 - 0x00007fff2c718000 	C:\WINDOWS\SYSTEM32\CRYPTSP.dll
0x00007fff2bde0000 - 0x00007fff2be14000 	C:\WINDOWS\system32\rsaenh.dll
0x00007fff2ccf0000 - 0x00007fff2cd1e000 	C:\WINDOWS\SYSTEM32\USERENV.dll
0x00007fff2c6f0000 - 0x00007fff2c6fc000 	C:\WINDOWS\SYSTEM32\CRYPTBASE.dll
0x00007fff2c1c0000 - 0x00007fff2c1fb000 	C:\WINDOWS\SYSTEM32\IPHLPAPI.DLL
0x00007fff2da40000 - 0x00007fff2da48000 	C:\WINDOWS\System32\NSI.dll
0x00007fff22860000 - 0x00007fff22877000 	C:\WINDOWS\SYSTEM32\dhcpcsvc6.DLL
0x00007fff23ff0000 - 0x00007fff2400d000 	C:\WINDOWS\SYSTEM32\dhcpcsvc.DLL
0x00007fff2c200000 - 0x00007fff2c2cb000 	C:\WINDOWS\SYSTEM32\DNSAPI.dll
0x00007fff1d310000 - 0x00007fff1d317000 	C:\WINDOWS\system32\wshunix.dll
0x00007fff1a5d0000 - 0x00007fff1a5da000 	C:\Windows\System32\rasadhlp.dll
0x00007fff1b580000 - 0x00007fff1b600000 	C:\WINDOWS\System32\fwpuclnt.dll
0x00007fff0e7f0000 - 0x00007fff0e807000 	C:\WINDOWS\system32\napinsp.dll
0x00007fff0e7d0000 - 0x00007fff0e7eb000 	C:\WINDOWS\system32\pnrpnsp.dll
0x00007fff27500000 - 0x00007fff27515000 	C:\WINDOWS\system32\wshbth.dll
0x00007fff27f10000 - 0x00007fff27f2d000 	C:\WINDOWS\system32\NLAapi.dll
0x00007fff0e7b0000 - 0x00007fff0e7c2000 	C:\WINDOWS\System32\winrnr.dll
0x00007fff1a630000 - 0x00007fff1a64e000 	C:\Users\user\AppData\Local\Temp\native-platform6225789712558170610dir\native-platform.dll
0x00007fff25e10000 - 0x00007fff25e17000 	C:\Program Files\Android\Android Studio\jbr\bin\rmi.dll

dbghelp: loaded successfully - version: 4.0.5 - missing functions: none
symbol engine: initialized successfully - sym options: 0x614 - pdb path: .;C:\Program Files\Android\Android Studio\jbr\bin;C:\WINDOWS\SYSTEM32;C:\WINDOWS\WinSxS\amd64_microsoft.windows.common-controls_6595b64144ccf1df_6.0.19041.3636_none_60b6a03d71f818d5;C:\Program Files\Android\Android Studio\jbr\bin\server;C:\Users\user\.gradle\native\c067742578af261105cb4f569cf0c3c89f3d7b1fecec35dd04571415982c5e48\windows-amd64;C:\Users\user\.gradle\native\38dada09dfb8b06ba9b0570ebf7e218e3eb74d4ef43ca46872605cf95ebc2f47\windows-amd64;C:\Users\user\AppData\Local\Temp\native-platform6225789712558170610dir

VM Arguments:
jvm_args: --add-opens=java.base/java.util=ALL-UNNAMED --add-opens=java.base/java.lang=ALL-UNNAMED --add-opens=java.base/java.lang.invoke=ALL-UNNAMED --add-opens=java.prefs/java.util.prefs=ALL-UNNAMED --add-opens=java.base/java.nio.charset=ALL-UNNAMED --add-opens=java.base/java.net=ALL-UNNAMED --add-opens=java.base/java.util.concurrent.atomic=ALL-UNNAMED -Xmx2048m -Dfile.encoding=UTF-8 -Duser.country=KR -Duser.language=ko -Duser.variant -javaagent:C:\Users\user\.gradle\wrapper\dists\gradle-8.4-bin\1w5dpkrfk8irigvoxmyhowfim\gradle-8.4\lib\agents\gradle-instrumentation-agent-8.4.jar 
java_command: org.gradle.launcher.daemon.bootstrap.GradleDaemon 8.4
java_class_path (initial): C:\Users\user\.gradle\wrapper\dists\gradle-8.4-bin\1w5dpkrfk8irigvoxmyhowfim\gradle-8.4\lib\gradle-launcher-8.4.jar
Launcher Type: SUN_STANDARD

[Global flags]
     intx CICompilerCount                          = 4                                         {product} {ergonomic}
     uint ConcGCThreads                            = 2                                         {product} {ergonomic}
     uint G1ConcRefinementThreads                  = 8                                         {product} {ergonomic}
   size_t G1HeapRegionSize                         = 1048576                                   {product} {ergonomic}
    uintx GCDrainStackTargetSize                   = 64                                        {product} {ergonomic}
   size_t InitialHeapSize                          = 266338304                                 {product} {ergonomic}
   size_t MarkStackSize                            = 4194304                                   {product} {ergonomic}
   size_t MaxHeapSize                              = 2147483648                                {product} {command line}
   size_t MaxNewSize                               = 1287651328                                {product} {ergonomic}
   size_t MinHeapDeltaBytes                        = 1048576                                   {product} {ergonomic}
   size_t MinHeapSize                              = 8388608                                   {product} {ergonomic}
    uintx NonNMethodCodeHeapSize                   = 5839372                                {pd product} {ergonomic}
    uintx NonProfiledCodeHeapSize                  = 122909434                              {pd product} {ergonomic}
    uintx ProfiledCodeHeapSize                     = 122909434                              {pd product} {ergonomic}
    uintx ReservedCodeCacheSize                    = 251658240                              {pd product} {ergonomic}
     bool SegmentedCodeCache                       = true                                      {product} {ergonomic}
   size_t SoftMaxHeapSize                          = 2147483648                             {manageable} {ergonomic}
     bool UseCompressedClassPointers               = true                           {product lp64_product} {ergonomic}
     bool UseCompressedOops                        = true                           {product lp64_product} {ergonomic}
     bool UseG1GC                                  = true                                      {product} {ergonomic}
     bool UseLargePagesIndividualAllocation        = false                                  {pd product} {ergonomic}

Logging:
Log output configuration:
 #0: stdout all=warning uptime,level,tags
 #1: stderr all=off uptime,level,tags

Environment Variables:
JAVA_HOME=C:\jdk-17
PATH=C:\Program Files\Eclipse Adoptium\jdk-17.0.9.9-hotspot\bin;C:\jdk-17\bin;C:\oracleDB\WINDOWS.X64_193000_db_home\bin;C:\app\user\product\21c\dbhomeXE\bin;C:\Program Files\Common Files\Oracle\Java\javapath;C:\Program Files (x86)\Common Files\Oracle\Java\javapath;C:\Program Files\Eclipse Foundation\jdk-11.0.12.7-hotspot\bin;C:\Program Files (x86)\Intel\Intel(R) Management Engine Components\iCLS\;C:\Program Files\Intel\Intel(R) Management Engine Components\iCLS\;C:\WINDOWS\system32;C:\WINDOWS;C:\WINDOWS\System32\Wbem;C:\WINDOWS\System32\WindowsPowerShell\v1.0\;C:\WINDOWS\System32\OpenSSH\;C:\Program Files (x86)\Intel\Intel(R) Management Engine Components\DAL;C:\Program Files\Intel\Intel(R) Management Engine Components\DAL;C:\Program Files\Git\cmd;C:\Program Files\PuTTY\;C:\Program Files\nodejs\;C:\Program Files\MySQL\MySQL Shell 8.0\bin\;C:\Users\user\AppData\Local\Programs\Python\Python39\Scripts\;C:\Users\user\AppData\Local\Programs\Python\Python39\;C:\Users\user\AppData\Local\Programs\Python\Python38\Scripts\;C:\Users\user\AppData\Local\Programs\Python\Python38\;C:\Users\user\AppData\Local\Microsoft\WindowsApps;C:\PyCharm Community Edition 2021.2\bin;;C:\Users\user\AppData\Local\Programs\Microsoft VS Code\bin;C:\Users\user\AppData\Local\GitHubDesktop\bin;C:\Program Files\JetBrains\IntelliJ IDEA 2023.3.3\bin;;C:\Program Files\JetBrains\IntelliJ IDEA Community Edition 2023.1.5\bin;;C:\Users\user\AppData\Roaming\npm
USERNAME=user
OS=Windows_NT
PROCESSOR_IDENTIFIER=Intel64 Family 6 Model 142 Stepping 12, GenuineIntel
TMP=C:\Users\user\AppData\Local\Temp
TEMP=C:\Users\user\AppData\Local\Temp



Periodic native trim disabled

JNI global refs:
JNI global refs: 32, weak refs: 3

JNI global refs memory usage: 843, weak refs: 841

OOME stack traces (most recent first):
Classloader memory used:
Loader org.gradle.internal.classloader.VisitableURLClassLoader$InstrumentingVisitableURLClassLoader: 6509K
Loader org.gradle.internal.classloader.VisitableURLClassLoader                         : 5200K
Loader bootstrap                                                                       : 3787K
Loader org.gradle.initialization.MixInLegacyTypesClassLoader                           : 1528K
Loader jdk.internal.reflect.DelegatingClassLoader                                      : 151K
Loader jdk.internal.loader.ClassLoaders$PlatformClassLoader                            : 100K
Loader jdk.internal.loader.ClassLoaders$AppClassLoader                                 : 28458B
Loader org.gradle.internal.classloader.VisitableURLClassLoader                         : 8458B
Loader sun.reflect.misc.MethodUtil                                                     : 373B


[error occurred during error reporting (Classloader stats), id 0xe0000001, Out of Memory Error (s\src\hotspot\share\memory\arena.cpp:79)]


---------------  S Y S T E M  ---------------

OS:
 Windows 10 , 64 bit Build 19041 (10.0.19041.3636)
OS uptime: 5 days 3:30 hours
Hyper-V role detected

CPU: total 8 (initial active 8) (4 cores per cpu, 2 threads per core) family 6 model 142 stepping 12 microcode 0xb8, cx8, cmov, fxsr, ht, mmx, 3dnowpref, sse, sse2, sse3, ssse3, sse4.1, sse4.2, popcnt, lzcnt, tsc, tscinvbit, avx, avx2, aes, erms, clmul, bmi1, bmi2, adx, fma, vzeroupper, clflush, clflushopt, hv
Processor Information for all 8 processors :
  Max Mhz: 1800, Current Mhz: 1600, Mhz Limit: 1584

Memory: 4k page, system-wide physical 16178M (679M free)
TotalPageFile size 18072M (AvailPageFile size 3M)
current process WorkingSet (physical memory assigned to process): 502M, peak: 515M
current process commit charge ("private bytes"): 585M, peak: 609M

vm_info: OpenJDK 64-Bit Server VM (17.0.9+0--11185874) for windows-amd64 JRE (17.0.9+0--11185874), built on Dec  6 2023 18:57:44 by "androidbuild" with MS VC++ 16.10 / 16.11 (VS2019)

END.
